<?xml version="1.0" encoding="UTF-8"?>
<testsuites name="Covid-19" time="130.454" tests="3" failures="0" errors="0">
   <testsuite name="Covid-19" tests="3" failures="0" errors="0" time="130.454" timestamp="2020-04-08 16:10:18" hostname="thaveephongt - 192.168.1.107" id="Test Suites/Covid-19">
      <properties>
         <property name="deviceName" value=""/>
         <property name="devicePlatform" value=""/>
         <property name="logFolder" value="/Users/thaveephongt/Katalon Studio/Be Demo/Reports/20200408_160955/Covid-19/20200408_160955"/>
         <property name="logFiles" value="/Users/thaveephongt/Katalon Studio/Be Demo/Reports/20200408_160955/Covid-19/20200408_160955/execution0.log"/>
         <property name="attachments" value=""/>
         <property name="hostName" value="thaveephongt - 192.168.1.107"/>
         <property name="os" value="Mac OS X 64bit"/>
         <property name="katalonVersion" value="7.3.0.1"/>
         <property name="browser" value="Chrome 80.0.3987.163"/>
         <property name="hostAddress" value="192.168.1.107"/>
         <property name="sessionId" value="d38a715432eb02b59da43a7d087ed46b"/>
         <property name="seleniumVersion" value="3.141.59"/>
         <property name="proxyInformation" value="ProxyInformation{proxyOption=NO_PROXY, proxyServerType=HTTP, password=, proxyServerAddress=, proxyServerPort=0, executionList=}"/>
         <property name="platform" value="Mac OS X"/>
      </properties>
      <testcase name="Test Cases/Log in/Covid-19" time="37.98" classname="Test Cases/Log in/Covid-19" status="PASSED">
         <system-out><![CDATA[2020-04-08 16:10:18 - [TEST_CASE][PASSED] - Test Cases/Log in/Covid-19: Test Cases/Log in/Covid-19

2020-04-08 16:10:19 - [TEST_STEP][PASSED] - openBrowser("https://www.worldometers.info/coronavirus/"): Browser is opened with url: 'https://www.worldometers.info/coronavirus/'

2020-04-08 16:10:19 - [MESSAGE][INFO] - Starting 'Chrome' driver

2020-04-08 16:10:19 - [MESSAGE][INFO] - Action delay is set to 0 milliseconds

2020-04-08 16:10:40 - [MESSAGE][PASSED] - Browser is opened with url: 'https://www.worldometers.info/coronavirus/'

2020-04-08 16:10:40 - [TEST_STEP][PASSED] - click(findTestObject("Object Repository/Covid-19 Object Repo/Page_Coronavirus Update (Live) 1204075 Case_106633/a_view by country")): Object: 'Object Repository/Covid-19 Object Repo/Page_Coronavirus Update (Live) 1204075 Case_106633/a_view by country' is clicked on

2020-04-08 16:10:48 - [MESSAGE][PASSED] - Object: 'Object Repository/Covid-19 Object Repo/Page_Coronavirus Update (Live) 1204075 Case_106633/a_view by country' is clicked on

2020-04-08 16:10:48 - [TEST_STEP][PASSED] - for ([rowNum = 1, rowNum <= findTestData("Covid-19/Country").getRowNumbers(), (rowNum++)]): Text of object 'Object Repository/Covid-19 Object Repo/Page_Coronavirus Update (Live) 1204075 Case_106633/td_3' is: ''

2020-04-08 16:10:48 - [TEST_STEP][PASSED] - setText(findTestObject("Object Repository/Covid-19 Object Repo/Page_Coronavirus Update (Live) 1204075 Case_106633/input_Search_form-control input-sm"), findTestData("Covid-19/Country").getValue(1, rowNum)): Text 'Thailand' is set on object 'Object Repository/Covid-19 Object Repo/Page_Coronavirus Update (Live) 1204075 Case_106633/input_Search_form-control input-sm'

2020-04-08 16:10:50 - [MESSAGE][PASSED] - Text 'Thailand' is set on object 'Object Repository/Covid-19 Object Repo/Page_Coronavirus Update (Live) 1204075 Case_106633/input_Search_form-control input-sm'

2020-04-08 16:10:50 - [TEST_STEP][PASSED] - getText(findTestObject("Covid-19 Object Repo/Page_Coronavirus Update (Live) 1204075 Case_106633/td_102")): Text of object 'Object Repository/Covid-19 Object Repo/Page_Coronavirus Update (Live) 1204075 Case_106633/td_102' is: '+111'

2020-04-08 16:10:50 - [MESSAGE][PASSED] - Text of object 'Object Repository/Covid-19 Object Repo/Page_Coronavirus Update (Live) 1204075 Case_106633/td_102' is: '+111'

2020-04-08 16:10:50 - [TEST_STEP][PASSED] - getText(findTestObject("Covid-19 Object Repo/Page_Coronavirus Update (Live) 1204075 Case_106633/td_3")): Text of object 'Object Repository/Covid-19 Object Repo/Page_Coronavirus Update (Live) 1204075 Case_106633/td_3' is: '+3'

2020-04-08 16:10:51 - [MESSAGE][PASSED] - Text of object 'Object Repository/Covid-19 Object Repo/Page_Coronavirus Update (Live) 1204075 Case_106633/td_3' is: '+3'

2020-04-08 16:10:51 - [TEST_STEP][PASSED] - setText(findTestObject("Object Repository/Covid-19 Object Repo/Page_Coronavirus Update (Live) 1204075 Case_106633/input_Search_form-control input-sm"), findTestData("Covid-19/Country").getValue(1, rowNum)): Text 'USA' is set on object 'Object Repository/Covid-19 Object Repo/Page_Coronavirus Update (Live) 1204075 Case_106633/input_Search_form-control input-sm'

2020-04-08 16:10:52 - [MESSAGE][PASSED] - Text 'USA' is set on object 'Object Repository/Covid-19 Object Repo/Page_Coronavirus Update (Live) 1204075 Case_106633/input_Search_form-control input-sm'

2020-04-08 16:10:52 - [TEST_STEP][PASSED] - getText(findTestObject("Covid-19 Object Repo/Page_Coronavirus Update (Live) 1204075 Case_106633/td_102")): Text of object 'Object Repository/Covid-19 Object Repo/Page_Coronavirus Update (Live) 1204075 Case_106633/td_102' is: '+214'

2020-04-08 16:10:53 - [MESSAGE][PASSED] - Text of object 'Object Repository/Covid-19 Object Repo/Page_Coronavirus Update (Live) 1204075 Case_106633/td_102' is: '+214'

2020-04-08 16:10:53 - [TEST_STEP][PASSED] - getText(findTestObject("Covid-19 Object Repo/Page_Coronavirus Update (Live) 1204075 Case_106633/td_3")): Text of object 'Object Repository/Covid-19 Object Repo/Page_Coronavirus Update (Live) 1204075 Case_106633/td_3' is: '+16'

2020-04-08 16:10:53 - [MESSAGE][PASSED] - Text of object 'Object Repository/Covid-19 Object Repo/Page_Coronavirus Update (Live) 1204075 Case_106633/td_3' is: '+16'

2020-04-08 16:10:53 - [TEST_STEP][PASSED] - setText(findTestObject("Object Repository/Covid-19 Object Repo/Page_Coronavirus Update (Live) 1204075 Case_106633/input_Search_form-control input-sm"), findTestData("Covid-19/Country").getValue(1, rowNum)): Text 'Spain' is set on object 'Object Repository/Covid-19 Object Repo/Page_Coronavirus Update (Live) 1204075 Case_106633/input_Search_form-control input-sm'

2020-04-08 16:10:55 - [MESSAGE][PASSED] - Text 'Spain' is set on object 'Object Repository/Covid-19 Object Repo/Page_Coronavirus Update (Live) 1204075 Case_106633/input_Search_form-control input-sm'

2020-04-08 16:10:55 - [TEST_STEP][PASSED] - getText(findTestObject("Covid-19 Object Repo/Page_Coronavirus Update (Live) 1204075 Case_106633/td_102")): Text of object 'Object Repository/Covid-19 Object Repo/Page_Coronavirus Update (Live) 1204075 Case_106633/td_102' is: ''

2020-04-08 16:10:55 - [MESSAGE][PASSED] - Text of object 'Object Repository/Covid-19 Object Repo/Page_Coronavirus Update (Live) 1204075 Case_106633/td_102' is: ''

2020-04-08 16:10:55 - [TEST_STEP][PASSED] - getText(findTestObject("Covid-19 Object Repo/Page_Coronavirus Update (Live) 1204075 Case_106633/td_3")): Text of object 'Object Repository/Covid-19 Object Repo/Page_Coronavirus Update (Live) 1204075 Case_106633/td_3' is: ''

2020-04-08 16:10:56 - [MESSAGE][PASSED] - Text of object 'Object Repository/Covid-19 Object Repo/Page_Coronavirus Update (Live) 1204075 Case_106633/td_3' is: ''

2020-04-08 16:10:56 - [TEST_STEP][PASSED] - closeBrowser(): Browser is closed

2020-04-08 16:10:56 - [MESSAGE][PASSED] - Browser is closed]]></system-out>
         <system-err><![CDATA[]]></system-err>
      </testcase>
      <testcase name="Test Cases/Log in/Covid-19" time="33.516" classname="Test Cases/Log in/Covid-19" status="PASSED">
         <system-out><![CDATA[2020-04-08 16:10:56 - [TEST_CASE][PASSED] - Test Cases/Log in/Covid-19: Test Cases/Log in/Covid-19

2020-04-08 16:10:56 - [TEST_STEP][PASSED] - openBrowser("https://www.worldometers.info/coronavirus/"): Browser is opened with url: 'https://www.worldometers.info/coronavirus/'

2020-04-08 16:10:56 - [MESSAGE][INFO] - Starting 'Chrome' driver

2020-04-08 16:10:56 - [MESSAGE][INFO] - Action delay is set to 0 milliseconds

2020-04-08 16:11:20 - [MESSAGE][PASSED] - Browser is opened with url: 'https://www.worldometers.info/coronavirus/'

2020-04-08 16:11:20 - [TEST_STEP][PASSED] - click(findTestObject("Object Repository/Covid-19 Object Repo/Page_Coronavirus Update (Live) 1204075 Case_106633/a_view by country")): Object: 'Object Repository/Covid-19 Object Repo/Page_Coronavirus Update (Live) 1204075 Case_106633/a_view by country' is clicked on

2020-04-08 16:11:21 - [MESSAGE][PASSED] - Object: 'Object Repository/Covid-19 Object Repo/Page_Coronavirus Update (Live) 1204075 Case_106633/a_view by country' is clicked on

2020-04-08 16:11:21 - [TEST_STEP][PASSED] - for ([rowNum = 1, rowNum <= findTestData("Covid-19/Country").getRowNumbers(), (rowNum++)]): Text of object 'Object Repository/Covid-19 Object Repo/Page_Coronavirus Update (Live) 1204075 Case_106633/td_3' is: ''

2020-04-08 16:11:21 - [TEST_STEP][PASSED] - setText(findTestObject("Object Repository/Covid-19 Object Repo/Page_Coronavirus Update (Live) 1204075 Case_106633/input_Search_form-control input-sm"), findTestData("Covid-19/Country").getValue(1, rowNum)): Text 'Thailand' is set on object 'Object Repository/Covid-19 Object Repo/Page_Coronavirus Update (Live) 1204075 Case_106633/input_Search_form-control input-sm'

2020-04-08 16:11:23 - [MESSAGE][PASSED] - Text 'Thailand' is set on object 'Object Repository/Covid-19 Object Repo/Page_Coronavirus Update (Live) 1204075 Case_106633/input_Search_form-control input-sm'

2020-04-08 16:11:23 - [TEST_STEP][PASSED] - getText(findTestObject("Covid-19 Object Repo/Page_Coronavirus Update (Live) 1204075 Case_106633/td_102")): Text of object 'Object Repository/Covid-19 Object Repo/Page_Coronavirus Update (Live) 1204075 Case_106633/td_102' is: '+111'

2020-04-08 16:11:24 - [MESSAGE][PASSED] - Text of object 'Object Repository/Covid-19 Object Repo/Page_Coronavirus Update (Live) 1204075 Case_106633/td_102' is: '+111'

2020-04-08 16:11:24 - [TEST_STEP][PASSED] - getText(findTestObject("Covid-19 Object Repo/Page_Coronavirus Update (Live) 1204075 Case_106633/td_3")): Text of object 'Object Repository/Covid-19 Object Repo/Page_Coronavirus Update (Live) 1204075 Case_106633/td_3' is: '+3'

2020-04-08 16:11:24 - [MESSAGE][PASSED] - Text of object 'Object Repository/Covid-19 Object Repo/Page_Coronavirus Update (Live) 1204075 Case_106633/td_3' is: '+3'

2020-04-08 16:11:24 - [TEST_STEP][PASSED] - setText(findTestObject("Object Repository/Covid-19 Object Repo/Page_Coronavirus Update (Live) 1204075 Case_106633/input_Search_form-control input-sm"), findTestData("Covid-19/Country").getValue(1, rowNum)): Text 'USA' is set on object 'Object Repository/Covid-19 Object Repo/Page_Coronavirus Update (Live) 1204075 Case_106633/input_Search_form-control input-sm'

2020-04-08 16:11:26 - [MESSAGE][PASSED] - Text 'USA' is set on object 'Object Repository/Covid-19 Object Repo/Page_Coronavirus Update (Live) 1204075 Case_106633/input_Search_form-control input-sm'

2020-04-08 16:11:26 - [TEST_STEP][PASSED] - getText(findTestObject("Covid-19 Object Repo/Page_Coronavirus Update (Live) 1204075 Case_106633/td_102")): Text of object 'Object Repository/Covid-19 Object Repo/Page_Coronavirus Update (Live) 1204075 Case_106633/td_102' is: '+214'

2020-04-08 16:11:26 - [MESSAGE][PASSED] - Text of object 'Object Repository/Covid-19 Object Repo/Page_Coronavirus Update (Live) 1204075 Case_106633/td_102' is: '+214'

2020-04-08 16:11:26 - [TEST_STEP][PASSED] - getText(findTestObject("Covid-19 Object Repo/Page_Coronavirus Update (Live) 1204075 Case_106633/td_3")): Text of object 'Object Repository/Covid-19 Object Repo/Page_Coronavirus Update (Live) 1204075 Case_106633/td_3' is: '+16'

2020-04-08 16:11:27 - [MESSAGE][PASSED] - Text of object 'Object Repository/Covid-19 Object Repo/Page_Coronavirus Update (Live) 1204075 Case_106633/td_3' is: '+16'

2020-04-08 16:11:27 - [TEST_STEP][PASSED] - setText(findTestObject("Object Repository/Covid-19 Object Repo/Page_Coronavirus Update (Live) 1204075 Case_106633/input_Search_form-control input-sm"), findTestData("Covid-19/Country").getValue(1, rowNum)): Text 'Spain' is set on object 'Object Repository/Covid-19 Object Repo/Page_Coronavirus Update (Live) 1204075 Case_106633/input_Search_form-control input-sm'

2020-04-08 16:11:28 - [MESSAGE][PASSED] - Text 'Spain' is set on object 'Object Repository/Covid-19 Object Repo/Page_Coronavirus Update (Live) 1204075 Case_106633/input_Search_form-control input-sm'

2020-04-08 16:11:28 - [TEST_STEP][PASSED] - getText(findTestObject("Covid-19 Object Repo/Page_Coronavirus Update (Live) 1204075 Case_106633/td_102")): Text of object 'Object Repository/Covid-19 Object Repo/Page_Coronavirus Update (Live) 1204075 Case_106633/td_102' is: ''

2020-04-08 16:11:29 - [MESSAGE][PASSED] - Text of object 'Object Repository/Covid-19 Object Repo/Page_Coronavirus Update (Live) 1204075 Case_106633/td_102' is: ''

2020-04-08 16:11:29 - [TEST_STEP][PASSED] - getText(findTestObject("Covid-19 Object Repo/Page_Coronavirus Update (Live) 1204075 Case_106633/td_3")): Text of object 'Object Repository/Covid-19 Object Repo/Page_Coronavirus Update (Live) 1204075 Case_106633/td_3' is: ''

2020-04-08 16:11:29 - [MESSAGE][PASSED] - Text of object 'Object Repository/Covid-19 Object Repo/Page_Coronavirus Update (Live) 1204075 Case_106633/td_3' is: ''

2020-04-08 16:11:29 - [TEST_STEP][PASSED] - closeBrowser(): Browser is closed

2020-04-08 16:11:30 - [MESSAGE][PASSED] - Browser is closed]]></system-out>
         <system-err><![CDATA[]]></system-err>
      </testcase>
      <testcase name="Test Cases/Log in/Covid-19" time="58.054" classname="Test Cases/Log in/Covid-19" status="PASSED">
         <system-out><![CDATA[2020-04-08 16:11:30 - [TEST_CASE][PASSED] - Test Cases/Log in/Covid-19: Test Cases/Log in/Covid-19

2020-04-08 16:11:30 - [TEST_STEP][PASSED] - openBrowser("https://www.worldometers.info/coronavirus/"): Browser is opened with url: 'https://www.worldometers.info/coronavirus/'

2020-04-08 16:11:30 - [MESSAGE][INFO] - Starting 'Chrome' driver

2020-04-08 16:11:30 - [MESSAGE][INFO] - Action delay is set to 0 milliseconds

2020-04-08 16:12:11 - [MESSAGE][PASSED] - Browser is opened with url: 'https://www.worldometers.info/coronavirus/'

2020-04-08 16:12:11 - [TEST_STEP][PASSED] - click(findTestObject("Object Repository/Covid-19 Object Repo/Page_Coronavirus Update (Live) 1204075 Case_106633/a_view by country")): Object: 'Object Repository/Covid-19 Object Repo/Page_Coronavirus Update (Live) 1204075 Case_106633/a_view by country' is clicked on

2020-04-08 16:12:20 - [MESSAGE][PASSED] - Object: 'Object Repository/Covid-19 Object Repo/Page_Coronavirus Update (Live) 1204075 Case_106633/a_view by country' is clicked on

2020-04-08 16:12:20 - [TEST_STEP][PASSED] - for ([rowNum = 1, rowNum <= findTestData("Covid-19/Country").getRowNumbers(), (rowNum++)]): Text of object 'Object Repository/Covid-19 Object Repo/Page_Coronavirus Update (Live) 1204075 Case_106633/td_3' is: ''

2020-04-08 16:12:20 - [TEST_STEP][PASSED] - setText(findTestObject("Object Repository/Covid-19 Object Repo/Page_Coronavirus Update (Live) 1204075 Case_106633/input_Search_form-control input-sm"), findTestData("Covid-19/Country").getValue(1, rowNum)): Text 'Thailand' is set on object 'Object Repository/Covid-19 Object Repo/Page_Coronavirus Update (Live) 1204075 Case_106633/input_Search_form-control input-sm'

2020-04-08 16:12:22 - [MESSAGE][PASSED] - Text 'Thailand' is set on object 'Object Repository/Covid-19 Object Repo/Page_Coronavirus Update (Live) 1204075 Case_106633/input_Search_form-control input-sm'

2020-04-08 16:12:22 - [TEST_STEP][PASSED] - getText(findTestObject("Covid-19 Object Repo/Page_Coronavirus Update (Live) 1204075 Case_106633/td_102")): Text of object 'Object Repository/Covid-19 Object Repo/Page_Coronavirus Update (Live) 1204075 Case_106633/td_102' is: '+111'

2020-04-08 16:12:22 - [MESSAGE][PASSED] - Text of object 'Object Repository/Covid-19 Object Repo/Page_Coronavirus Update (Live) 1204075 Case_106633/td_102' is: '+111'

2020-04-08 16:12:22 - [TEST_STEP][PASSED] - getText(findTestObject("Covid-19 Object Repo/Page_Coronavirus Update (Live) 1204075 Case_106633/td_3")): Text of object 'Object Repository/Covid-19 Object Repo/Page_Coronavirus Update (Live) 1204075 Case_106633/td_3' is: '+3'

2020-04-08 16:12:23 - [MESSAGE][PASSED] - Text of object 'Object Repository/Covid-19 Object Repo/Page_Coronavirus Update (Live) 1204075 Case_106633/td_3' is: '+3'

2020-04-08 16:12:23 - [TEST_STEP][PASSED] - setText(findTestObject("Object Repository/Covid-19 Object Repo/Page_Coronavirus Update (Live) 1204075 Case_106633/input_Search_form-control input-sm"), findTestData("Covid-19/Country").getValue(1, rowNum)): Text 'USA' is set on object 'Object Repository/Covid-19 Object Repo/Page_Coronavirus Update (Live) 1204075 Case_106633/input_Search_form-control input-sm'

2020-04-08 16:12:24 - [MESSAGE][PASSED] - Text 'USA' is set on object 'Object Repository/Covid-19 Object Repo/Page_Coronavirus Update (Live) 1204075 Case_106633/input_Search_form-control input-sm'

2020-04-08 16:12:24 - [TEST_STEP][PASSED] - getText(findTestObject("Covid-19 Object Repo/Page_Coronavirus Update (Live) 1204075 Case_106633/td_102")): Text of object 'Object Repository/Covid-19 Object Repo/Page_Coronavirus Update (Live) 1204075 Case_106633/td_102' is: '+214'

2020-04-08 16:12:25 - [MESSAGE][PASSED] - Text of object 'Object Repository/Covid-19 Object Repo/Page_Coronavirus Update (Live) 1204075 Case_106633/td_102' is: '+214'

2020-04-08 16:12:25 - [TEST_STEP][PASSED] - getText(findTestObject("Covid-19 Object Repo/Page_Coronavirus Update (Live) 1204075 Case_106633/td_3")): Text of object 'Object Repository/Covid-19 Object Repo/Page_Coronavirus Update (Live) 1204075 Case_106633/td_3' is: '+16'

2020-04-08 16:12:25 - [MESSAGE][PASSED] - Text of object 'Object Repository/Covid-19 Object Repo/Page_Coronavirus Update (Live) 1204075 Case_106633/td_3' is: '+16'

2020-04-08 16:12:25 - [TEST_STEP][PASSED] - setText(findTestObject("Object Repository/Covid-19 Object Repo/Page_Coronavirus Update (Live) 1204075 Case_106633/input_Search_form-control input-sm"), findTestData("Covid-19/Country").getValue(1, rowNum)): Text 'Spain' is set on object 'Object Repository/Covid-19 Object Repo/Page_Coronavirus Update (Live) 1204075 Case_106633/input_Search_form-control input-sm'

2020-04-08 16:12:26 - [MESSAGE][PASSED] - Text 'Spain' is set on object 'Object Repository/Covid-19 Object Repo/Page_Coronavirus Update (Live) 1204075 Case_106633/input_Search_form-control input-sm'

2020-04-08 16:12:26 - [TEST_STEP][PASSED] - getText(findTestObject("Covid-19 Object Repo/Page_Coronavirus Update (Live) 1204075 Case_106633/td_102")): Text of object 'Object Repository/Covid-19 Object Repo/Page_Coronavirus Update (Live) 1204075 Case_106633/td_102' is: ''

2020-04-08 16:12:27 - [MESSAGE][PASSED] - Text of object 'Object Repository/Covid-19 Object Repo/Page_Coronavirus Update (Live) 1204075 Case_106633/td_102' is: ''

2020-04-08 16:12:27 - [TEST_STEP][PASSED] - getText(findTestObject("Covid-19 Object Repo/Page_Coronavirus Update (Live) 1204075 Case_106633/td_3")): Text of object 'Object Repository/Covid-19 Object Repo/Page_Coronavirus Update (Live) 1204075 Case_106633/td_3' is: ''

2020-04-08 16:12:27 - [MESSAGE][PASSED] - Text of object 'Object Repository/Covid-19 Object Repo/Page_Coronavirus Update (Live) 1204075 Case_106633/td_3' is: ''

2020-04-08 16:12:27 - [TEST_STEP][PASSED] - closeBrowser(): Browser is closed

2020-04-08 16:12:28 - [MESSAGE][PASSED] - Browser is closed]]></system-out>
         <system-err><![CDATA[]]></system-err>
      </testcase>
      <system-out><![CDATA[2020-04-08 16:10:18 - [TEST_SUITE][PASSED] - Covid-19: Test Cases/Log in/Covid-19]]></system-out>
      <system-err><![CDATA[]]></system-err>
   </testsuite>
</testsuites>
