<?xml version="1.0" encoding="UTF-8"?>
<testsuites name="Covid-19" time="165.245" tests="3" failures="0" errors="0">
   <testsuite name="Covid-19" tests="3" failures="0" errors="0" time="165.245" timestamp="2020-04-07 23:22:50" hostname="thaveephongt - 192.168.1.107" id="Test Suites/Covid-19">
      <properties>
         <property name="deviceName" value=""/>
         <property name="devicePlatform" value=""/>
         <property name="logFolder" value="/Users/thaveephongt/Katalon Studio/Be Demo/Reports/20200407_232228/Covid-19/20200407_232228"/>
         <property name="logFiles" value="/Users/thaveephongt/Katalon Studio/Be Demo/Reports/20200407_232228/Covid-19/20200407_232228/execution0.log"/>
         <property name="attachments" value=""/>
         <property name="hostName" value="thaveephongt - 192.168.1.107"/>
         <property name="os" value="Mac OS X 64bit"/>
         <property name="katalonVersion" value="7.3.0.1"/>
         <property name="browser" value="Chrome 80.0.3987.149"/>
         <property name="hostAddress" value="192.168.1.107"/>
         <property name="sessionId" value="4ddd61535164c534d518cce38505fceb"/>
         <property name="seleniumVersion" value="3.141.59"/>
         <property name="proxyInformation" value="ProxyInformation{proxyOption=NO_PROXY, proxyServerType=HTTP, password=, proxyServerAddress=, proxyServerPort=0, executionList=}"/>
         <property name="platform" value="Mac OS X"/>
      </properties>
      <testcase name="Test Cases/Log in/Covid-19" time="54.433" classname="Test Cases/Log in/Covid-19" status="PASSED">
         <system-out><![CDATA[2020-04-07 23:22:51 - [TEST_CASE][PASSED] - Test Cases/Log in/Covid-19: Test Cases/Log in/Covid-19

2020-04-07 23:22:51 - [TEST_STEP][PASSED] - openBrowser("https://www.worldometers.info/coronavirus/"): Browser is opened with url: 'https://www.worldometers.info/coronavirus/'

2020-04-07 23:22:51 - [MESSAGE][INFO] - Starting 'Chrome' driver

2020-04-07 23:22:52 - [MESSAGE][INFO] - Action delay is set to 0 milliseconds

2020-04-07 23:23:07 - [MESSAGE][PASSED] - Browser is opened with url: 'https://www.worldometers.info/coronavirus/'

2020-04-07 23:23:07 - [TEST_STEP][PASSED] - click(findTestObject("Object Repository/Covid-19 Object Repo/Page_Coronavirus Update (Live) 1204075 Case_106633/a_view by country")): Object: 'Object Repository/Covid-19 Object Repo/Page_Coronavirus Update (Live) 1204075 Case_106633/a_view by country' is clicked on

2020-04-07 23:23:19 - [MESSAGE][PASSED] - Object: 'Object Repository/Covid-19 Object Repo/Page_Coronavirus Update (Live) 1204075 Case_106633/a_view by country' is clicked on

2020-04-07 23:23:19 - [TEST_STEP][PASSED] - for ([rowNum = 1, rowNum <= findTestData("Covid-19/Country").getRowNumbers(), (rowNum++)]): Text of object 'Object Repository/Covid-19 Object Repo/Page_Coronavirus Update (Live) 1204075 Case_106633/td_3' is: '+556'

2020-04-07 23:23:19 - [TEST_STEP][PASSED] - setText(findTestObject("Object Repository/Covid-19 Object Repo/Page_Coronavirus Update (Live) 1204075 Case_106633/input_Search_form-control input-sm"), findTestData("Covid-19/Country").getValue(1, rowNum)): Text 'Thailand' is set on object 'Object Repository/Covid-19 Object Repo/Page_Coronavirus Update (Live) 1204075 Case_106633/input_Search_form-control input-sm'

2020-04-07 23:23:23 - [MESSAGE][PASSED] - Text 'Thailand' is set on object 'Object Repository/Covid-19 Object Repo/Page_Coronavirus Update (Live) 1204075 Case_106633/input_Search_form-control input-sm'

2020-04-07 23:23:23 - [TEST_STEP][PASSED] - getText(findTestObject("Covid-19 Object Repo/Page_Coronavirus Update (Live) 1204075 Case_106633/td_102")): Text of object 'Object Repository/Covid-19 Object Repo/Page_Coronavirus Update (Live) 1204075 Case_106633/td_102' is: '+38'

2020-04-07 23:23:26 - [MESSAGE][PASSED] - Text of object 'Object Repository/Covid-19 Object Repo/Page_Coronavirus Update (Live) 1204075 Case_106633/td_102' is: '+38'

2020-04-07 23:23:26 - [TEST_STEP][PASSED] - getText(findTestObject("Covid-19 Object Repo/Page_Coronavirus Update (Live) 1204075 Case_106633/td_3")): Text of object 'Object Repository/Covid-19 Object Repo/Page_Coronavirus Update (Live) 1204075 Case_106633/td_3' is: '+1'

2020-04-07 23:23:28 - [MESSAGE][PASSED] - Text of object 'Object Repository/Covid-19 Object Repo/Page_Coronavirus Update (Live) 1204075 Case_106633/td_3' is: '+1'

2020-04-07 23:23:28 - [TEST_STEP][PASSED] - setText(findTestObject("Object Repository/Covid-19 Object Repo/Page_Coronavirus Update (Live) 1204075 Case_106633/input_Search_form-control input-sm"), findTestData("Covid-19/Country").getValue(1, rowNum)): Text 'USA' is set on object 'Object Repository/Covid-19 Object Repo/Page_Coronavirus Update (Live) 1204075 Case_106633/input_Search_form-control input-sm'

2020-04-07 23:23:32 - [MESSAGE][PASSED] - Text 'USA' is set on object 'Object Repository/Covid-19 Object Repo/Page_Coronavirus Update (Live) 1204075 Case_106633/input_Search_form-control input-sm'

2020-04-07 23:23:32 - [TEST_STEP][PASSED] - getText(findTestObject("Covid-19 Object Repo/Page_Coronavirus Update (Live) 1204075 Case_106633/td_102")): Text of object 'Object Repository/Covid-19 Object Repo/Page_Coronavirus Update (Live) 1204075 Case_106633/td_102' is: '+13,694'

2020-04-07 23:23:34 - [MESSAGE][PASSED] - Text of object 'Object Repository/Covid-19 Object Repo/Page_Coronavirus Update (Live) 1204075 Case_106633/td_102' is: '+13,694'

2020-04-07 23:23:34 - [TEST_STEP][PASSED] - getText(findTestObject("Covid-19 Object Repo/Page_Coronavirus Update (Live) 1204075 Case_106633/td_3")): Text of object 'Object Repository/Covid-19 Object Repo/Page_Coronavirus Update (Live) 1204075 Case_106633/td_3' is: '+1,031'

2020-04-07 23:23:36 - [MESSAGE][PASSED] - Text of object 'Object Repository/Covid-19 Object Repo/Page_Coronavirus Update (Live) 1204075 Case_106633/td_3' is: '+1,031'

2020-04-07 23:23:36 - [TEST_STEP][PASSED] - setText(findTestObject("Object Repository/Covid-19 Object Repo/Page_Coronavirus Update (Live) 1204075 Case_106633/input_Search_form-control input-sm"), findTestData("Covid-19/Country").getValue(1, rowNum)): Text 'Spain' is set on object 'Object Repository/Covid-19 Object Repo/Page_Coronavirus Update (Live) 1204075 Case_106633/input_Search_form-control input-sm'

2020-04-07 23:23:41 - [MESSAGE][PASSED] - Text 'Spain' is set on object 'Object Repository/Covid-19 Object Repo/Page_Coronavirus Update (Live) 1204075 Case_106633/input_Search_form-control input-sm'

2020-04-07 23:23:41 - [TEST_STEP][PASSED] - getText(findTestObject("Covid-19 Object Repo/Page_Coronavirus Update (Live) 1204075 Case_106633/td_102")): Text of object 'Object Repository/Covid-19 Object Repo/Page_Coronavirus Update (Live) 1204075 Case_106633/td_102' is: '+3,836'

2020-04-07 23:23:43 - [MESSAGE][PASSED] - Text of object 'Object Repository/Covid-19 Object Repo/Page_Coronavirus Update (Live) 1204075 Case_106633/td_102' is: '+3,836'

2020-04-07 23:23:43 - [TEST_STEP][PASSED] - getText(findTestObject("Covid-19 Object Repo/Page_Coronavirus Update (Live) 1204075 Case_106633/td_3")): Text of object 'Object Repository/Covid-19 Object Repo/Page_Coronavirus Update (Live) 1204075 Case_106633/td_3' is: '+556'

2020-04-07 23:23:45 - [MESSAGE][PASSED] - Text of object 'Object Repository/Covid-19 Object Repo/Page_Coronavirus Update (Live) 1204075 Case_106633/td_3' is: '+556'

2020-04-07 23:23:45 - [TEST_STEP][PASSED] - closeBrowser(): Browser is closed

2020-04-07 23:23:45 - [MESSAGE][PASSED] - Browser is closed]]></system-out>
         <system-err><![CDATA[]]></system-err>
      </testcase>
      <testcase name="Test Cases/Log in/Covid-19" time="48.981" classname="Test Cases/Log in/Covid-19" status="PASSED">
         <system-out><![CDATA[2020-04-07 23:23:45 - [TEST_CASE][PASSED] - Test Cases/Log in/Covid-19: Test Cases/Log in/Covid-19

2020-04-07 23:23:45 - [TEST_STEP][PASSED] - openBrowser("https://www.worldometers.info/coronavirus/"): Browser is opened with url: 'https://www.worldometers.info/coronavirus/'

2020-04-07 23:23:45 - [MESSAGE][INFO] - Starting 'Chrome' driver

2020-04-07 23:23:45 - [MESSAGE][INFO] - Action delay is set to 0 milliseconds

2020-04-07 23:24:05 - [MESSAGE][PASSED] - Browser is opened with url: 'https://www.worldometers.info/coronavirus/'

2020-04-07 23:24:05 - [TEST_STEP][PASSED] - click(findTestObject("Object Repository/Covid-19 Object Repo/Page_Coronavirus Update (Live) 1204075 Case_106633/a_view by country")): Object: 'Object Repository/Covid-19 Object Repo/Page_Coronavirus Update (Live) 1204075 Case_106633/a_view by country' is clicked on

2020-04-07 23:24:06 - [MESSAGE][PASSED] - Object: 'Object Repository/Covid-19 Object Repo/Page_Coronavirus Update (Live) 1204075 Case_106633/a_view by country' is clicked on

2020-04-07 23:24:06 - [TEST_STEP][PASSED] - for ([rowNum = 1, rowNum <= findTestData("Covid-19/Country").getRowNumbers(), (rowNum++)]): Text of object 'Object Repository/Covid-19 Object Repo/Page_Coronavirus Update (Live) 1204075 Case_106633/td_3' is: '+556'

2020-04-07 23:24:06 - [TEST_STEP][PASSED] - setText(findTestObject("Object Repository/Covid-19 Object Repo/Page_Coronavirus Update (Live) 1204075 Case_106633/input_Search_form-control input-sm"), findTestData("Covid-19/Country").getValue(1, rowNum)): Text 'Thailand' is set on object 'Object Repository/Covid-19 Object Repo/Page_Coronavirus Update (Live) 1204075 Case_106633/input_Search_form-control input-sm'

2020-04-07 23:24:16 - [MESSAGE][PASSED] - Text 'Thailand' is set on object 'Object Repository/Covid-19 Object Repo/Page_Coronavirus Update (Live) 1204075 Case_106633/input_Search_form-control input-sm'

2020-04-07 23:24:16 - [TEST_STEP][PASSED] - getText(findTestObject("Covid-19 Object Repo/Page_Coronavirus Update (Live) 1204075 Case_106633/td_102")): Text of object 'Object Repository/Covid-19 Object Repo/Page_Coronavirus Update (Live) 1204075 Case_106633/td_102' is: '+38'

2020-04-07 23:24:16 - [MESSAGE][PASSED] - Text of object 'Object Repository/Covid-19 Object Repo/Page_Coronavirus Update (Live) 1204075 Case_106633/td_102' is: '+38'

2020-04-07 23:24:16 - [TEST_STEP][PASSED] - getText(findTestObject("Covid-19 Object Repo/Page_Coronavirus Update (Live) 1204075 Case_106633/td_3")): Text of object 'Object Repository/Covid-19 Object Repo/Page_Coronavirus Update (Live) 1204075 Case_106633/td_3' is: '+1'

2020-04-07 23:24:17 - [MESSAGE][PASSED] - Text of object 'Object Repository/Covid-19 Object Repo/Page_Coronavirus Update (Live) 1204075 Case_106633/td_3' is: '+1'

2020-04-07 23:24:17 - [TEST_STEP][PASSED] - setText(findTestObject("Object Repository/Covid-19 Object Repo/Page_Coronavirus Update (Live) 1204075 Case_106633/input_Search_form-control input-sm"), findTestData("Covid-19/Country").getValue(1, rowNum)): Text 'USA' is set on object 'Object Repository/Covid-19 Object Repo/Page_Coronavirus Update (Live) 1204075 Case_106633/input_Search_form-control input-sm'

2020-04-07 23:24:21 - [MESSAGE][PASSED] - Text 'USA' is set on object 'Object Repository/Covid-19 Object Repo/Page_Coronavirus Update (Live) 1204075 Case_106633/input_Search_form-control input-sm'

2020-04-07 23:24:21 - [TEST_STEP][PASSED] - getText(findTestObject("Covid-19 Object Repo/Page_Coronavirus Update (Live) 1204075 Case_106633/td_102")): Text of object 'Object Repository/Covid-19 Object Repo/Page_Coronavirus Update (Live) 1204075 Case_106633/td_102' is: '+13,694'

2020-04-07 23:24:23 - [MESSAGE][PASSED] - Text of object 'Object Repository/Covid-19 Object Repo/Page_Coronavirus Update (Live) 1204075 Case_106633/td_102' is: '+13,694'

2020-04-07 23:24:23 - [TEST_STEP][PASSED] - getText(findTestObject("Covid-19 Object Repo/Page_Coronavirus Update (Live) 1204075 Case_106633/td_3")): Text of object 'Object Repository/Covid-19 Object Repo/Page_Coronavirus Update (Live) 1204075 Case_106633/td_3' is: '+1,031'

2020-04-07 23:24:25 - [MESSAGE][PASSED] - Text of object 'Object Repository/Covid-19 Object Repo/Page_Coronavirus Update (Live) 1204075 Case_106633/td_3' is: '+1,031'

2020-04-07 23:24:25 - [TEST_STEP][PASSED] - setText(findTestObject("Object Repository/Covid-19 Object Repo/Page_Coronavirus Update (Live) 1204075 Case_106633/input_Search_form-control input-sm"), findTestData("Covid-19/Country").getValue(1, rowNum)): Text 'Spain' is set on object 'Object Repository/Covid-19 Object Repo/Page_Coronavirus Update (Live) 1204075 Case_106633/input_Search_form-control input-sm'

2020-04-07 23:24:30 - [MESSAGE][PASSED] - Text 'Spain' is set on object 'Object Repository/Covid-19 Object Repo/Page_Coronavirus Update (Live) 1204075 Case_106633/input_Search_form-control input-sm'

2020-04-07 23:24:30 - [TEST_STEP][PASSED] - getText(findTestObject("Covid-19 Object Repo/Page_Coronavirus Update (Live) 1204075 Case_106633/td_102")): Text of object 'Object Repository/Covid-19 Object Repo/Page_Coronavirus Update (Live) 1204075 Case_106633/td_102' is: '+3,836'

2020-04-07 23:24:32 - [MESSAGE][PASSED] - Text of object 'Object Repository/Covid-19 Object Repo/Page_Coronavirus Update (Live) 1204075 Case_106633/td_102' is: '+3,836'

2020-04-07 23:24:32 - [TEST_STEP][PASSED] - getText(findTestObject("Covid-19 Object Repo/Page_Coronavirus Update (Live) 1204075 Case_106633/td_3")): Text of object 'Object Repository/Covid-19 Object Repo/Page_Coronavirus Update (Live) 1204075 Case_106633/td_3' is: '+556'

2020-04-07 23:24:34 - [MESSAGE][PASSED] - Text of object 'Object Repository/Covid-19 Object Repo/Page_Coronavirus Update (Live) 1204075 Case_106633/td_3' is: '+556'

2020-04-07 23:24:34 - [TEST_STEP][PASSED] - closeBrowser(): Browser is closed

2020-04-07 23:24:34 - [MESSAGE][PASSED] - Browser is closed]]></system-out>
         <system-err><![CDATA[]]></system-err>
      </testcase>
      <testcase name="Test Cases/Log in/Covid-19" time="60.881" classname="Test Cases/Log in/Covid-19" status="PASSED">
         <system-out><![CDATA[2020-04-07 23:24:34 - [TEST_CASE][PASSED] - Test Cases/Log in/Covid-19: Test Cases/Log in/Covid-19

2020-04-07 23:24:34 - [TEST_STEP][PASSED] - openBrowser("https://www.worldometers.info/coronavirus/"): Browser is opened with url: 'https://www.worldometers.info/coronavirus/'

2020-04-07 23:24:34 - [MESSAGE][INFO] - Starting 'Chrome' driver

2020-04-07 23:24:34 - [MESSAGE][INFO] - Action delay is set to 0 milliseconds

2020-04-07 23:24:54 - [MESSAGE][PASSED] - Browser is opened with url: 'https://www.worldometers.info/coronavirus/'

2020-04-07 23:24:54 - [TEST_STEP][PASSED] - click(findTestObject("Object Repository/Covid-19 Object Repo/Page_Coronavirus Update (Live) 1204075 Case_106633/a_view by country")): Object: 'Object Repository/Covid-19 Object Repo/Page_Coronavirus Update (Live) 1204075 Case_106633/a_view by country' is clicked on

2020-04-07 23:25:10 - [MESSAGE][PASSED] - Object: 'Object Repository/Covid-19 Object Repo/Page_Coronavirus Update (Live) 1204075 Case_106633/a_view by country' is clicked on

2020-04-07 23:25:10 - [TEST_STEP][PASSED] - for ([rowNum = 1, rowNum <= findTestData("Covid-19/Country").getRowNumbers(), (rowNum++)]): Text of object 'Object Repository/Covid-19 Object Repo/Page_Coronavirus Update (Live) 1204075 Case_106633/td_3' is: '+556'

2020-04-07 23:25:10 - [TEST_STEP][PASSED] - setText(findTestObject("Object Repository/Covid-19 Object Repo/Page_Coronavirus Update (Live) 1204075 Case_106633/input_Search_form-control input-sm"), findTestData("Covid-19/Country").getValue(1, rowNum)): Text 'Thailand' is set on object 'Object Repository/Covid-19 Object Repo/Page_Coronavirus Update (Live) 1204075 Case_106633/input_Search_form-control input-sm'

2020-04-07 23:25:15 - [MESSAGE][PASSED] - Text 'Thailand' is set on object 'Object Repository/Covid-19 Object Repo/Page_Coronavirus Update (Live) 1204075 Case_106633/input_Search_form-control input-sm'

2020-04-07 23:25:15 - [TEST_STEP][PASSED] - getText(findTestObject("Covid-19 Object Repo/Page_Coronavirus Update (Live) 1204075 Case_106633/td_102")): Text of object 'Object Repository/Covid-19 Object Repo/Page_Coronavirus Update (Live) 1204075 Case_106633/td_102' is: '+38'

2020-04-07 23:25:17 - [MESSAGE][PASSED] - Text of object 'Object Repository/Covid-19 Object Repo/Page_Coronavirus Update (Live) 1204075 Case_106633/td_102' is: '+38'

2020-04-07 23:25:17 - [TEST_STEP][PASSED] - getText(findTestObject("Covid-19 Object Repo/Page_Coronavirus Update (Live) 1204075 Case_106633/td_3")): Text of object 'Object Repository/Covid-19 Object Repo/Page_Coronavirus Update (Live) 1204075 Case_106633/td_3' is: '+1'

2020-04-07 23:25:19 - [MESSAGE][PASSED] - Text of object 'Object Repository/Covid-19 Object Repo/Page_Coronavirus Update (Live) 1204075 Case_106633/td_3' is: '+1'

2020-04-07 23:25:19 - [TEST_STEP][PASSED] - setText(findTestObject("Object Repository/Covid-19 Object Repo/Page_Coronavirus Update (Live) 1204075 Case_106633/input_Search_form-control input-sm"), findTestData("Covid-19/Country").getValue(1, rowNum)): Text 'USA' is set on object 'Object Repository/Covid-19 Object Repo/Page_Coronavirus Update (Live) 1204075 Case_106633/input_Search_form-control input-sm'

2020-04-07 23:25:23 - [MESSAGE][PASSED] - Text 'USA' is set on object 'Object Repository/Covid-19 Object Repo/Page_Coronavirus Update (Live) 1204075 Case_106633/input_Search_form-control input-sm'

2020-04-07 23:25:23 - [TEST_STEP][PASSED] - getText(findTestObject("Covid-19 Object Repo/Page_Coronavirus Update (Live) 1204075 Case_106633/td_102")): Text of object 'Object Repository/Covid-19 Object Repo/Page_Coronavirus Update (Live) 1204075 Case_106633/td_102' is: '+13,694'

2020-04-07 23:25:25 - [MESSAGE][PASSED] - Text of object 'Object Repository/Covid-19 Object Repo/Page_Coronavirus Update (Live) 1204075 Case_106633/td_102' is: '+13,694'

2020-04-07 23:25:25 - [TEST_STEP][PASSED] - getText(findTestObject("Covid-19 Object Repo/Page_Coronavirus Update (Live) 1204075 Case_106633/td_3")): Text of object 'Object Repository/Covid-19 Object Repo/Page_Coronavirus Update (Live) 1204075 Case_106633/td_3' is: '+1,031'

2020-04-07 23:25:27 - [MESSAGE][PASSED] - Text of object 'Object Repository/Covid-19 Object Repo/Page_Coronavirus Update (Live) 1204075 Case_106633/td_3' is: '+1,031'

2020-04-07 23:25:27 - [TEST_STEP][PASSED] - setText(findTestObject("Object Repository/Covid-19 Object Repo/Page_Coronavirus Update (Live) 1204075 Case_106633/input_Search_form-control input-sm"), findTestData("Covid-19/Country").getValue(1, rowNum)): Text 'Spain' is set on object 'Object Repository/Covid-19 Object Repo/Page_Coronavirus Update (Live) 1204075 Case_106633/input_Search_form-control input-sm'

2020-04-07 23:25:31 - [MESSAGE][PASSED] - Text 'Spain' is set on object 'Object Repository/Covid-19 Object Repo/Page_Coronavirus Update (Live) 1204075 Case_106633/input_Search_form-control input-sm'

2020-04-07 23:25:31 - [TEST_STEP][PASSED] - getText(findTestObject("Covid-19 Object Repo/Page_Coronavirus Update (Live) 1204075 Case_106633/td_102")): Text of object 'Object Repository/Covid-19 Object Repo/Page_Coronavirus Update (Live) 1204075 Case_106633/td_102' is: '+3,836'

2020-04-07 23:25:33 - [MESSAGE][PASSED] - Text of object 'Object Repository/Covid-19 Object Repo/Page_Coronavirus Update (Live) 1204075 Case_106633/td_102' is: '+3,836'

2020-04-07 23:25:33 - [TEST_STEP][PASSED] - getText(findTestObject("Covid-19 Object Repo/Page_Coronavirus Update (Live) 1204075 Case_106633/td_3")): Text of object 'Object Repository/Covid-19 Object Repo/Page_Coronavirus Update (Live) 1204075 Case_106633/td_3' is: '+556'

2020-04-07 23:25:35 - [MESSAGE][PASSED] - Text of object 'Object Repository/Covid-19 Object Repo/Page_Coronavirus Update (Live) 1204075 Case_106633/td_3' is: '+556'

2020-04-07 23:25:35 - [TEST_STEP][PASSED] - closeBrowser(): Browser is closed

2020-04-07 23:25:35 - [MESSAGE][PASSED] - Browser is closed]]></system-out>
         <system-err><![CDATA[]]></system-err>
      </testcase>
      <system-out><![CDATA[2020-04-07 23:22:50 - [TEST_SUITE][PASSED] - Covid-19: Test Cases/Log in/Covid-19]]></system-out>
      <system-err><![CDATA[]]></system-err>
   </testsuite>
</testsuites>
