<?xml version="1.0" encoding="UTF-8"?>
<testsuites name="Covid-19" time="107.288" tests="3" failures="0" errors="0">
   <testsuite name="Covid-19" tests="3" failures="0" errors="0" time="107.288" timestamp="2020-04-08 00:35:07" hostname="thaveephongt - 192.168.1.107" id="Test Suites/Covid-19">
      <properties>
         <property name="deviceName" value=""/>
         <property name="devicePlatform" value=""/>
         <property name="logFolder" value="/Users/thaveephongt/Katalon Studio/Be Demo/Reports/20200408_003444/Covid-19/20200408_003444"/>
         <property name="logFiles" value="/Users/thaveephongt/Katalon Studio/Be Demo/Reports/20200408_003444/Covid-19/20200408_003444/execution0.log"/>
         <property name="attachments" value=""/>
         <property name="hostName" value="thaveephongt - 192.168.1.107"/>
         <property name="os" value="Mac OS X 64bit"/>
         <property name="katalonVersion" value="7.3.0.1"/>
         <property name="browser" value="Chrome 80.0.3987.149"/>
         <property name="hostAddress" value="192.168.1.107"/>
         <property name="sessionId" value="c1b0f98a5f019f67857b5414b47903ab"/>
         <property name="seleniumVersion" value="3.141.59"/>
         <property name="proxyInformation" value="ProxyInformation{proxyOption=NO_PROXY, proxyServerType=HTTP, password=, proxyServerAddress=, proxyServerPort=0, executionList=}"/>
         <property name="platform" value="Mac OS X"/>
      </properties>
      <testcase name="Test Cases/Log in/Covid-19" time="42.511" classname="Test Cases/Log in/Covid-19" status="PASSED">
         <system-out><![CDATA[2020-04-08 00:35:08 - [TEST_CASE][PASSED] - Test Cases/Log in/Covid-19: Test Cases/Log in/Covid-19

2020-04-08 00:35:09 - [TEST_STEP][PASSED] - openBrowser("https://www.worldometers.info/coronavirus/"): Browser is opened with url: 'https://www.worldometers.info/coronavirus/'

2020-04-08 00:35:09 - [MESSAGE][INFO] - Starting 'Chrome' driver

2020-04-08 00:35:09 - [MESSAGE][INFO] - Action delay is set to 0 milliseconds

2020-04-08 00:35:32 - [MESSAGE][PASSED] - Browser is opened with url: 'https://www.worldometers.info/coronavirus/'

2020-04-08 00:35:32 - [TEST_STEP][PASSED] - click(findTestObject("Object Repository/Covid-19 Object Repo/Page_Coronavirus Update (Live) 1204075 Case_106633/a_view by country")): Object: 'Object Repository/Covid-19 Object Repo/Page_Coronavirus Update (Live) 1204075 Case_106633/a_view by country' is clicked on

2020-04-08 00:35:34 - [MESSAGE][PASSED] - Object: 'Object Repository/Covid-19 Object Repo/Page_Coronavirus Update (Live) 1204075 Case_106633/a_view by country' is clicked on

2020-04-08 00:35:34 - [TEST_STEP][PASSED] - for ([rowNum = 1, rowNum <= findTestData("Covid-19/Country").getRowNumbers(), (rowNum++)]): Text of object 'Object Repository/Covid-19 Object Repo/Page_Coronavirus Update (Live) 1204075 Case_106633/td_3' is: '+556'

2020-04-08 00:35:34 - [TEST_STEP][PASSED] - setText(findTestObject("Object Repository/Covid-19 Object Repo/Page_Coronavirus Update (Live) 1204075 Case_106633/input_Search_form-control input-sm"), findTestData("Covid-19/Country").getValue(1, rowNum)): Text 'Thailand' is set on object 'Object Repository/Covid-19 Object Repo/Page_Coronavirus Update (Live) 1204075 Case_106633/input_Search_form-control input-sm'

2020-04-08 00:35:44 - [MESSAGE][PASSED] - Text 'Thailand' is set on object 'Object Repository/Covid-19 Object Repo/Page_Coronavirus Update (Live) 1204075 Case_106633/input_Search_form-control input-sm'

2020-04-08 00:35:44 - [TEST_STEP][PASSED] - getText(findTestObject("Covid-19 Object Repo/Page_Coronavirus Update (Live) 1204075 Case_106633/td_102")): Text of object 'Object Repository/Covid-19 Object Repo/Page_Coronavirus Update (Live) 1204075 Case_106633/td_102' is: '+38'

2020-04-08 00:35:45 - [MESSAGE][PASSED] - Text of object 'Object Repository/Covid-19 Object Repo/Page_Coronavirus Update (Live) 1204075 Case_106633/td_102' is: '+38'

2020-04-08 00:35:45 - [TEST_STEP][PASSED] - getText(findTestObject("Covid-19 Object Repo/Page_Coronavirus Update (Live) 1204075 Case_106633/td_3")): Text of object 'Object Repository/Covid-19 Object Repo/Page_Coronavirus Update (Live) 1204075 Case_106633/td_3' is: '+1'

2020-04-08 00:35:45 - [MESSAGE][PASSED] - Text of object 'Object Repository/Covid-19 Object Repo/Page_Coronavirus Update (Live) 1204075 Case_106633/td_3' is: '+1'

2020-04-08 00:35:45 - [TEST_STEP][PASSED] - setText(findTestObject("Object Repository/Covid-19 Object Repo/Page_Coronavirus Update (Live) 1204075 Case_106633/input_Search_form-control input-sm"), findTestData("Covid-19/Country").getValue(1, rowNum)): Text 'USA' is set on object 'Object Repository/Covid-19 Object Repo/Page_Coronavirus Update (Live) 1204075 Case_106633/input_Search_form-control input-sm'

2020-04-08 00:35:47 - [MESSAGE][PASSED] - Text 'USA' is set on object 'Object Repository/Covid-19 Object Repo/Page_Coronavirus Update (Live) 1204075 Case_106633/input_Search_form-control input-sm'

2020-04-08 00:35:47 - [TEST_STEP][PASSED] - getText(findTestObject("Covid-19 Object Repo/Page_Coronavirus Update (Live) 1204075 Case_106633/td_102")): Text of object 'Object Repository/Covid-19 Object Repo/Page_Coronavirus Update (Live) 1204075 Case_106633/td_102' is: '+19,100'

2020-04-08 00:35:47 - [MESSAGE][PASSED] - Text of object 'Object Repository/Covid-19 Object Repo/Page_Coronavirus Update (Live) 1204075 Case_106633/td_102' is: '+19,100'

2020-04-08 00:35:47 - [TEST_STEP][PASSED] - getText(findTestObject("Covid-19 Object Repo/Page_Coronavirus Update (Live) 1204075 Case_106633/td_3")): Text of object 'Object Repository/Covid-19 Object Repo/Page_Coronavirus Update (Live) 1204075 Case_106633/td_3' is: '+1,371'

2020-04-08 00:35:48 - [MESSAGE][PASSED] - Text of object 'Object Repository/Covid-19 Object Repo/Page_Coronavirus Update (Live) 1204075 Case_106633/td_3' is: '+1,371'

2020-04-08 00:35:48 - [TEST_STEP][PASSED] - setText(findTestObject("Object Repository/Covid-19 Object Repo/Page_Coronavirus Update (Live) 1204075 Case_106633/input_Search_form-control input-sm"), findTestData("Covid-19/Country").getValue(1, rowNum)): Text 'Spain' is set on object 'Object Repository/Covid-19 Object Repo/Page_Coronavirus Update (Live) 1204075 Case_106633/input_Search_form-control input-sm'

2020-04-08 00:35:49 - [MESSAGE][PASSED] - Text 'Spain' is set on object 'Object Repository/Covid-19 Object Repo/Page_Coronavirus Update (Live) 1204075 Case_106633/input_Search_form-control input-sm'

2020-04-08 00:35:49 - [TEST_STEP][PASSED] - getText(findTestObject("Covid-19 Object Repo/Page_Coronavirus Update (Live) 1204075 Case_106633/td_102")): Text of object 'Object Repository/Covid-19 Object Repo/Page_Coronavirus Update (Live) 1204075 Case_106633/td_102' is: '+3,836'

2020-04-08 00:35:50 - [MESSAGE][PASSED] - Text of object 'Object Repository/Covid-19 Object Repo/Page_Coronavirus Update (Live) 1204075 Case_106633/td_102' is: '+3,836'

2020-04-08 00:35:50 - [TEST_STEP][PASSED] - getText(findTestObject("Covid-19 Object Repo/Page_Coronavirus Update (Live) 1204075 Case_106633/td_3")): Text of object 'Object Repository/Covid-19 Object Repo/Page_Coronavirus Update (Live) 1204075 Case_106633/td_3' is: '+556'

2020-04-08 00:35:50 - [MESSAGE][PASSED] - Text of object 'Object Repository/Covid-19 Object Repo/Page_Coronavirus Update (Live) 1204075 Case_106633/td_3' is: '+556'

2020-04-08 00:35:50 - [TEST_STEP][PASSED] - closeBrowser(): Browser is closed

2020-04-08 00:35:51 - [MESSAGE][PASSED] - Browser is closed]]></system-out>
         <system-err><![CDATA[]]></system-err>
      </testcase>
      <testcase name="Test Cases/Log in/Covid-19" time="31.624" classname="Test Cases/Log in/Covid-19" status="PASSED">
         <system-out><![CDATA[2020-04-08 00:35:51 - [TEST_CASE][PASSED] - Test Cases/Log in/Covid-19: Test Cases/Log in/Covid-19

2020-04-08 00:35:51 - [TEST_STEP][PASSED] - openBrowser("https://www.worldometers.info/coronavirus/"): Browser is opened with url: 'https://www.worldometers.info/coronavirus/'

2020-04-08 00:35:51 - [MESSAGE][INFO] - Starting 'Chrome' driver

2020-04-08 00:35:51 - [MESSAGE][INFO] - Action delay is set to 0 milliseconds

2020-04-08 00:36:04 - [MESSAGE][PASSED] - Browser is opened with url: 'https://www.worldometers.info/coronavirus/'

2020-04-08 00:36:04 - [TEST_STEP][PASSED] - click(findTestObject("Object Repository/Covid-19 Object Repo/Page_Coronavirus Update (Live) 1204075 Case_106633/a_view by country")): Object: 'Object Repository/Covid-19 Object Repo/Page_Coronavirus Update (Live) 1204075 Case_106633/a_view by country' is clicked on

2020-04-08 00:36:14 - [MESSAGE][PASSED] - Object: 'Object Repository/Covid-19 Object Repo/Page_Coronavirus Update (Live) 1204075 Case_106633/a_view by country' is clicked on

2020-04-08 00:36:14 - [TEST_STEP][PASSED] - for ([rowNum = 1, rowNum <= findTestData("Covid-19/Country").getRowNumbers(), (rowNum++)]): Text of object 'Object Repository/Covid-19 Object Repo/Page_Coronavirus Update (Live) 1204075 Case_106633/td_3' is: '+556'

2020-04-08 00:36:14 - [TEST_STEP][PASSED] - setText(findTestObject("Object Repository/Covid-19 Object Repo/Page_Coronavirus Update (Live) 1204075 Case_106633/input_Search_form-control input-sm"), findTestData("Covid-19/Country").getValue(1, rowNum)): Text 'Thailand' is set on object 'Object Repository/Covid-19 Object Repo/Page_Coronavirus Update (Live) 1204075 Case_106633/input_Search_form-control input-sm'

2020-04-08 00:36:16 - [MESSAGE][PASSED] - Text 'Thailand' is set on object 'Object Repository/Covid-19 Object Repo/Page_Coronavirus Update (Live) 1204075 Case_106633/input_Search_form-control input-sm'

2020-04-08 00:36:16 - [TEST_STEP][PASSED] - getText(findTestObject("Covid-19 Object Repo/Page_Coronavirus Update (Live) 1204075 Case_106633/td_102")): Text of object 'Object Repository/Covid-19 Object Repo/Page_Coronavirus Update (Live) 1204075 Case_106633/td_102' is: '+38'

2020-04-08 00:36:17 - [MESSAGE][PASSED] - Text of object 'Object Repository/Covid-19 Object Repo/Page_Coronavirus Update (Live) 1204075 Case_106633/td_102' is: '+38'

2020-04-08 00:36:17 - [TEST_STEP][PASSED] - getText(findTestObject("Covid-19 Object Repo/Page_Coronavirus Update (Live) 1204075 Case_106633/td_3")): Text of object 'Object Repository/Covid-19 Object Repo/Page_Coronavirus Update (Live) 1204075 Case_106633/td_3' is: '+1'

2020-04-08 00:36:17 - [MESSAGE][PASSED] - Text of object 'Object Repository/Covid-19 Object Repo/Page_Coronavirus Update (Live) 1204075 Case_106633/td_3' is: '+1'

2020-04-08 00:36:17 - [TEST_STEP][PASSED] - setText(findTestObject("Object Repository/Covid-19 Object Repo/Page_Coronavirus Update (Live) 1204075 Case_106633/input_Search_form-control input-sm"), findTestData("Covid-19/Country").getValue(1, rowNum)): Text 'USA' is set on object 'Object Repository/Covid-19 Object Repo/Page_Coronavirus Update (Live) 1204075 Case_106633/input_Search_form-control input-sm'

2020-04-08 00:36:18 - [MESSAGE][PASSED] - Text 'USA' is set on object 'Object Repository/Covid-19 Object Repo/Page_Coronavirus Update (Live) 1204075 Case_106633/input_Search_form-control input-sm'

2020-04-08 00:36:18 - [TEST_STEP][PASSED] - getText(findTestObject("Covid-19 Object Repo/Page_Coronavirus Update (Live) 1204075 Case_106633/td_102")): Text of object 'Object Repository/Covid-19 Object Repo/Page_Coronavirus Update (Live) 1204075 Case_106633/td_102' is: '+19,100'

2020-04-08 00:36:19 - [MESSAGE][PASSED] - Text of object 'Object Repository/Covid-19 Object Repo/Page_Coronavirus Update (Live) 1204075 Case_106633/td_102' is: '+19,100'

2020-04-08 00:36:19 - [TEST_STEP][PASSED] - getText(findTestObject("Covid-19 Object Repo/Page_Coronavirus Update (Live) 1204075 Case_106633/td_3")): Text of object 'Object Repository/Covid-19 Object Repo/Page_Coronavirus Update (Live) 1204075 Case_106633/td_3' is: '+1,371'

2020-04-08 00:36:19 - [MESSAGE][PASSED] - Text of object 'Object Repository/Covid-19 Object Repo/Page_Coronavirus Update (Live) 1204075 Case_106633/td_3' is: '+1,371'

2020-04-08 00:36:19 - [TEST_STEP][PASSED] - setText(findTestObject("Object Repository/Covid-19 Object Repo/Page_Coronavirus Update (Live) 1204075 Case_106633/input_Search_form-control input-sm"), findTestData("Covid-19/Country").getValue(1, rowNum)): Text 'Spain' is set on object 'Object Repository/Covid-19 Object Repo/Page_Coronavirus Update (Live) 1204075 Case_106633/input_Search_form-control input-sm'

2020-04-08 00:36:21 - [MESSAGE][PASSED] - Text 'Spain' is set on object 'Object Repository/Covid-19 Object Repo/Page_Coronavirus Update (Live) 1204075 Case_106633/input_Search_form-control input-sm'

2020-04-08 00:36:21 - [TEST_STEP][PASSED] - getText(findTestObject("Covid-19 Object Repo/Page_Coronavirus Update (Live) 1204075 Case_106633/td_102")): Text of object 'Object Repository/Covid-19 Object Repo/Page_Coronavirus Update (Live) 1204075 Case_106633/td_102' is: '+3,836'

2020-04-08 00:36:21 - [MESSAGE][PASSED] - Text of object 'Object Repository/Covid-19 Object Repo/Page_Coronavirus Update (Live) 1204075 Case_106633/td_102' is: '+3,836'

2020-04-08 00:36:21 - [TEST_STEP][PASSED] - getText(findTestObject("Covid-19 Object Repo/Page_Coronavirus Update (Live) 1204075 Case_106633/td_3")): Text of object 'Object Repository/Covid-19 Object Repo/Page_Coronavirus Update (Live) 1204075 Case_106633/td_3' is: '+556'

2020-04-08 00:36:22 - [MESSAGE][PASSED] - Text of object 'Object Repository/Covid-19 Object Repo/Page_Coronavirus Update (Live) 1204075 Case_106633/td_3' is: '+556'

2020-04-08 00:36:22 - [TEST_STEP][PASSED] - closeBrowser(): Browser is closed

2020-04-08 00:36:22 - [MESSAGE][PASSED] - Browser is closed]]></system-out>
         <system-err><![CDATA[]]></system-err>
      </testcase>
      <testcase name="Test Cases/Log in/Covid-19" time="31.939" classname="Test Cases/Log in/Covid-19" status="PASSED">
         <system-out><![CDATA[2020-04-08 00:36:22 - [TEST_CASE][PASSED] - Test Cases/Log in/Covid-19: Test Cases/Log in/Covid-19

2020-04-08 00:36:22 - [TEST_STEP][PASSED] - openBrowser("https://www.worldometers.info/coronavirus/"): Browser is opened with url: 'https://www.worldometers.info/coronavirus/'

2020-04-08 00:36:22 - [MESSAGE][INFO] - Starting 'Chrome' driver

2020-04-08 00:36:22 - [MESSAGE][INFO] - Action delay is set to 0 milliseconds

2020-04-08 00:36:36 - [MESSAGE][PASSED] - Browser is opened with url: 'https://www.worldometers.info/coronavirus/'

2020-04-08 00:36:36 - [TEST_STEP][PASSED] - click(findTestObject("Object Repository/Covid-19 Object Repo/Page_Coronavirus Update (Live) 1204075 Case_106633/a_view by country")): Object: 'Object Repository/Covid-19 Object Repo/Page_Coronavirus Update (Live) 1204075 Case_106633/a_view by country' is clicked on

2020-04-08 00:36:46 - [MESSAGE][PASSED] - Object: 'Object Repository/Covid-19 Object Repo/Page_Coronavirus Update (Live) 1204075 Case_106633/a_view by country' is clicked on

2020-04-08 00:36:46 - [TEST_STEP][PASSED] - for ([rowNum = 1, rowNum <= findTestData("Covid-19/Country").getRowNumbers(), (rowNum++)]): Text of object 'Object Repository/Covid-19 Object Repo/Page_Coronavirus Update (Live) 1204075 Case_106633/td_3' is: '+556'

2020-04-08 00:36:46 - [TEST_STEP][PASSED] - setText(findTestObject("Object Repository/Covid-19 Object Repo/Page_Coronavirus Update (Live) 1204075 Case_106633/input_Search_form-control input-sm"), findTestData("Covid-19/Country").getValue(1, rowNum)): Text 'Thailand' is set on object 'Object Repository/Covid-19 Object Repo/Page_Coronavirus Update (Live) 1204075 Case_106633/input_Search_form-control input-sm'

2020-04-08 00:36:48 - [MESSAGE][PASSED] - Text 'Thailand' is set on object 'Object Repository/Covid-19 Object Repo/Page_Coronavirus Update (Live) 1204075 Case_106633/input_Search_form-control input-sm'

2020-04-08 00:36:48 - [TEST_STEP][PASSED] - getText(findTestObject("Covid-19 Object Repo/Page_Coronavirus Update (Live) 1204075 Case_106633/td_102")): Text of object 'Object Repository/Covid-19 Object Repo/Page_Coronavirus Update (Live) 1204075 Case_106633/td_102' is: '+38'

2020-04-08 00:36:49 - [MESSAGE][PASSED] - Text of object 'Object Repository/Covid-19 Object Repo/Page_Coronavirus Update (Live) 1204075 Case_106633/td_102' is: '+38'

2020-04-08 00:36:49 - [TEST_STEP][PASSED] - getText(findTestObject("Covid-19 Object Repo/Page_Coronavirus Update (Live) 1204075 Case_106633/td_3")): Text of object 'Object Repository/Covid-19 Object Repo/Page_Coronavirus Update (Live) 1204075 Case_106633/td_3' is: '+1'

2020-04-08 00:36:49 - [MESSAGE][PASSED] - Text of object 'Object Repository/Covid-19 Object Repo/Page_Coronavirus Update (Live) 1204075 Case_106633/td_3' is: '+1'

2020-04-08 00:36:49 - [TEST_STEP][PASSED] - setText(findTestObject("Object Repository/Covid-19 Object Repo/Page_Coronavirus Update (Live) 1204075 Case_106633/input_Search_form-control input-sm"), findTestData("Covid-19/Country").getValue(1, rowNum)): Text 'USA' is set on object 'Object Repository/Covid-19 Object Repo/Page_Coronavirus Update (Live) 1204075 Case_106633/input_Search_form-control input-sm'

2020-04-08 00:36:50 - [MESSAGE][PASSED] - Text 'USA' is set on object 'Object Repository/Covid-19 Object Repo/Page_Coronavirus Update (Live) 1204075 Case_106633/input_Search_form-control input-sm'

2020-04-08 00:36:50 - [TEST_STEP][PASSED] - getText(findTestObject("Covid-19 Object Repo/Page_Coronavirus Update (Live) 1204075 Case_106633/td_102")): Text of object 'Object Repository/Covid-19 Object Repo/Page_Coronavirus Update (Live) 1204075 Case_106633/td_102' is: '+19,100'

2020-04-08 00:36:51 - [MESSAGE][PASSED] - Text of object 'Object Repository/Covid-19 Object Repo/Page_Coronavirus Update (Live) 1204075 Case_106633/td_102' is: '+19,100'

2020-04-08 00:36:51 - [TEST_STEP][PASSED] - getText(findTestObject("Covid-19 Object Repo/Page_Coronavirus Update (Live) 1204075 Case_106633/td_3")): Text of object 'Object Repository/Covid-19 Object Repo/Page_Coronavirus Update (Live) 1204075 Case_106633/td_3' is: '+1,371'

2020-04-08 00:36:51 - [MESSAGE][PASSED] - Text of object 'Object Repository/Covid-19 Object Repo/Page_Coronavirus Update (Live) 1204075 Case_106633/td_3' is: '+1,371'

2020-04-08 00:36:51 - [TEST_STEP][PASSED] - setText(findTestObject("Object Repository/Covid-19 Object Repo/Page_Coronavirus Update (Live) 1204075 Case_106633/input_Search_form-control input-sm"), findTestData("Covid-19/Country").getValue(1, rowNum)): Text 'Spain' is set on object 'Object Repository/Covid-19 Object Repo/Page_Coronavirus Update (Live) 1204075 Case_106633/input_Search_form-control input-sm'

2020-04-08 00:36:53 - [MESSAGE][PASSED] - Text 'Spain' is set on object 'Object Repository/Covid-19 Object Repo/Page_Coronavirus Update (Live) 1204075 Case_106633/input_Search_form-control input-sm'

2020-04-08 00:36:53 - [TEST_STEP][PASSED] - getText(findTestObject("Covid-19 Object Repo/Page_Coronavirus Update (Live) 1204075 Case_106633/td_102")): Text of object 'Object Repository/Covid-19 Object Repo/Page_Coronavirus Update (Live) 1204075 Case_106633/td_102' is: '+3,836'

2020-04-08 00:36:53 - [MESSAGE][PASSED] - Text of object 'Object Repository/Covid-19 Object Repo/Page_Coronavirus Update (Live) 1204075 Case_106633/td_102' is: '+3,836'

2020-04-08 00:36:53 - [TEST_STEP][PASSED] - getText(findTestObject("Covid-19 Object Repo/Page_Coronavirus Update (Live) 1204075 Case_106633/td_3")): Text of object 'Object Repository/Covid-19 Object Repo/Page_Coronavirus Update (Live) 1204075 Case_106633/td_3' is: '+556'

2020-04-08 00:36:54 - [MESSAGE][PASSED] - Text of object 'Object Repository/Covid-19 Object Repo/Page_Coronavirus Update (Live) 1204075 Case_106633/td_3' is: '+556'

2020-04-08 00:36:54 - [TEST_STEP][PASSED] - closeBrowser(): Browser is closed

2020-04-08 00:36:54 - [MESSAGE][PASSED] - Browser is closed]]></system-out>
         <system-err><![CDATA[]]></system-err>
      </testcase>
      <system-out><![CDATA[2020-04-08 00:35:07 - [TEST_SUITE][PASSED] - Covid-19: Test Cases/Log in/Covid-19]]></system-out>
      <system-err><![CDATA[]]></system-err>
   </testsuite>
</testsuites>
