<?xml version="1.0" encoding="UTF-8"?>
<testsuites name="Covid-19" time="131.288" tests="3" failures="0" errors="0">
   <testsuite name="Covid-19" tests="3" failures="0" errors="0" time="131.288" timestamp="2020-04-08 16:32:30" hostname="thaveephongt - 192.168.1.107" id="Test Suites/Covid-19">
      <properties>
         <property name="deviceName" value=""/>
         <property name="devicePlatform" value=""/>
         <property name="logFolder" value="/Users/thaveephongt/Katalon Studio/Be Demo/Reports/20200408_163206/Covid-19/20200408_163206"/>
         <property name="logFiles" value="/Users/thaveephongt/Katalon Studio/Be Demo/Reports/20200408_163206/Covid-19/20200408_163206/execution0.log"/>
         <property name="attachments" value=""/>
         <property name="hostName" value="thaveephongt - 192.168.1.107"/>
         <property name="os" value="Mac OS X 64bit"/>
         <property name="katalonVersion" value="7.3.0.1"/>
         <property name="browser" value="Chrome 80.0.3987.163"/>
         <property name="hostAddress" value="192.168.1.107"/>
         <property name="sessionId" value="867ee1093c5a6c781b86590edf328dce"/>
         <property name="seleniumVersion" value="3.141.59"/>
         <property name="proxyInformation" value="ProxyInformation{proxyOption=NO_PROXY, proxyServerType=HTTP, password=, proxyServerAddress=, proxyServerPort=0, executionList=}"/>
         <property name="platform" value="Mac OS X"/>
      </properties>
      <testcase name="Test Cases/Log in/Covid-19" time="38.219" classname="Test Cases/Log in/Covid-19" status="PASSED">
         <system-out><![CDATA[2020-04-08 16:32:32 - [TEST_CASE][PASSED] - Test Cases/Log in/Covid-19: Test Cases/Log in/Covid-19

2020-04-08 16:32:33 - [TEST_STEP][PASSED] - openBrowser("https://www.worldometers.info/coronavirus/"): Browser is opened with url: 'https://www.worldometers.info/coronavirus/'

2020-04-08 16:32:33 - [MESSAGE][INFO] - Starting 'Chrome' driver

2020-04-08 16:32:34 - [MESSAGE][INFO] - Action delay is set to 0 milliseconds

2020-04-08 16:32:52 - [MESSAGE][PASSED] - Browser is opened with url: 'https://www.worldometers.info/coronavirus/'

2020-04-08 16:32:52 - [TEST_STEP][PASSED] - click(findTestObject("Object Repository/Covid-19 Object Repo/Page_Coronavirus Update (Live) 1204075 Case_106633/a_view by country")): Object: 'Object Repository/Covid-19 Object Repo/Page_Coronavirus Update (Live) 1204075 Case_106633/a_view by country' is clicked on

2020-04-08 16:32:53 - [MESSAGE][PASSED] - Object: 'Object Repository/Covid-19 Object Repo/Page_Coronavirus Update (Live) 1204075 Case_106633/a_view by country' is clicked on

2020-04-08 16:32:53 - [TEST_STEP][PASSED] - for ([rowNum = 1, rowNum <= findTestData("Covid-19/Country").getRowNumbers(), (rowNum++)]): Text of object 'Object Repository/Covid-19 Object Repo/Page_Coronavirus Update (Live) 1204075 Case_106633/td_3' is: ''

2020-04-08 16:32:53 - [TEST_STEP][PASSED] - setText(findTestObject("Object Repository/Covid-19 Object Repo/Page_Coronavirus Update (Live) 1204075 Case_106633/input_Search_form-control input-sm"), findTestData("Covid-19/Country").getValue(1, rowNum)): Text 'Thailand' is set on object 'Object Repository/Covid-19 Object Repo/Page_Coronavirus Update (Live) 1204075 Case_106633/input_Search_form-control input-sm'

2020-04-08 16:33:03 - [MESSAGE][PASSED] - Text 'Thailand' is set on object 'Object Repository/Covid-19 Object Repo/Page_Coronavirus Update (Live) 1204075 Case_106633/input_Search_form-control input-sm'

2020-04-08 16:33:03 - [TEST_STEP][PASSED] - getText(findTestObject("Covid-19 Object Repo/Page_Coronavirus Update (Live) 1204075 Case_106633/td_102")): Text of object 'Object Repository/Covid-19 Object Repo/Page_Coronavirus Update (Live) 1204075 Case_106633/td_102' is: '+111'

2020-04-08 16:33:04 - [MESSAGE][PASSED] - Text of object 'Object Repository/Covid-19 Object Repo/Page_Coronavirus Update (Live) 1204075 Case_106633/td_102' is: '+111'

2020-04-08 16:33:04 - [TEST_STEP][PASSED] - getText(findTestObject("Covid-19 Object Repo/Page_Coronavirus Update (Live) 1204075 Case_106633/td_3")): Text of object 'Object Repository/Covid-19 Object Repo/Page_Coronavirus Update (Live) 1204075 Case_106633/td_3' is: '+3'

2020-04-08 16:33:05 - [MESSAGE][PASSED] - Text of object 'Object Repository/Covid-19 Object Repo/Page_Coronavirus Update (Live) 1204075 Case_106633/td_3' is: '+3'

2020-04-08 16:33:05 - [TEST_STEP][PASSED] - setText(findTestObject("Object Repository/Covid-19 Object Repo/Page_Coronavirus Update (Live) 1204075 Case_106633/input_Search_form-control input-sm"), findTestData("Covid-19/Country").getValue(1, rowNum)): Text 'USA' is set on object 'Object Repository/Covid-19 Object Repo/Page_Coronavirus Update (Live) 1204075 Case_106633/input_Search_form-control input-sm'

2020-04-08 16:33:06 - [MESSAGE][PASSED] - Text 'USA' is set on object 'Object Repository/Covid-19 Object Repo/Page_Coronavirus Update (Live) 1204075 Case_106633/input_Search_form-control input-sm'

2020-04-08 16:33:06 - [TEST_STEP][PASSED] - getText(findTestObject("Covid-19 Object Repo/Page_Coronavirus Update (Live) 1204075 Case_106633/td_102")): Text of object 'Object Repository/Covid-19 Object Repo/Page_Coronavirus Update (Live) 1204075 Case_106633/td_102' is: '+214'

2020-04-08 16:33:06 - [MESSAGE][PASSED] - Text of object 'Object Repository/Covid-19 Object Repo/Page_Coronavirus Update (Live) 1204075 Case_106633/td_102' is: '+214'

2020-04-08 16:33:06 - [TEST_STEP][PASSED] - getText(findTestObject("Covid-19 Object Repo/Page_Coronavirus Update (Live) 1204075 Case_106633/td_3")): Text of object 'Object Repository/Covid-19 Object Repo/Page_Coronavirus Update (Live) 1204075 Case_106633/td_3' is: '+16'

2020-04-08 16:33:07 - [MESSAGE][PASSED] - Text of object 'Object Repository/Covid-19 Object Repo/Page_Coronavirus Update (Live) 1204075 Case_106633/td_3' is: '+16'

2020-04-08 16:33:07 - [TEST_STEP][PASSED] - setText(findTestObject("Object Repository/Covid-19 Object Repo/Page_Coronavirus Update (Live) 1204075 Case_106633/input_Search_form-control input-sm"), findTestData("Covid-19/Country").getValue(1, rowNum)): Text 'Spain' is set on object 'Object Repository/Covid-19 Object Repo/Page_Coronavirus Update (Live) 1204075 Case_106633/input_Search_form-control input-sm'

2020-04-08 16:33:08 - [MESSAGE][PASSED] - Text 'Spain' is set on object 'Object Repository/Covid-19 Object Repo/Page_Coronavirus Update (Live) 1204075 Case_106633/input_Search_form-control input-sm'

2020-04-08 16:33:08 - [TEST_STEP][PASSED] - getText(findTestObject("Covid-19 Object Repo/Page_Coronavirus Update (Live) 1204075 Case_106633/td_102")): Text of object 'Object Repository/Covid-19 Object Repo/Page_Coronavirus Update (Live) 1204075 Case_106633/td_102' is: ''

2020-04-08 16:33:09 - [MESSAGE][PASSED] - Text of object 'Object Repository/Covid-19 Object Repo/Page_Coronavirus Update (Live) 1204075 Case_106633/td_102' is: ''

2020-04-08 16:33:09 - [TEST_STEP][PASSED] - getText(findTestObject("Covid-19 Object Repo/Page_Coronavirus Update (Live) 1204075 Case_106633/td_3")): Text of object 'Object Repository/Covid-19 Object Repo/Page_Coronavirus Update (Live) 1204075 Case_106633/td_3' is: ''

2020-04-08 16:33:09 - [MESSAGE][PASSED] - Text of object 'Object Repository/Covid-19 Object Repo/Page_Coronavirus Update (Live) 1204075 Case_106633/td_3' is: ''

2020-04-08 16:33:09 - [TEST_STEP][PASSED] - closeBrowser(): Browser is closed

2020-04-08 16:33:10 - [MESSAGE][PASSED] - Browser is closed]]></system-out>
         <system-err><![CDATA[]]></system-err>
      </testcase>
      <testcase name="Test Cases/Log in/Covid-19" time="30.922" classname="Test Cases/Log in/Covid-19" status="PASSED">
         <system-out><![CDATA[2020-04-08 16:33:10 - [TEST_CASE][PASSED] - Test Cases/Log in/Covid-19: Test Cases/Log in/Covid-19

2020-04-08 16:33:10 - [TEST_STEP][PASSED] - openBrowser("https://www.worldometers.info/coronavirus/"): Browser is opened with url: 'https://www.worldometers.info/coronavirus/'

2020-04-08 16:33:10 - [MESSAGE][INFO] - Starting 'Chrome' driver

2020-04-08 16:33:10 - [MESSAGE][INFO] - Action delay is set to 0 milliseconds

2020-04-08 16:33:25 - [MESSAGE][PASSED] - Browser is opened with url: 'https://www.worldometers.info/coronavirus/'

2020-04-08 16:33:25 - [TEST_STEP][PASSED] - click(findTestObject("Object Repository/Covid-19 Object Repo/Page_Coronavirus Update (Live) 1204075 Case_106633/a_view by country")): Object: 'Object Repository/Covid-19 Object Repo/Page_Coronavirus Update (Live) 1204075 Case_106633/a_view by country' is clicked on

2020-04-08 16:33:26 - [MESSAGE][PASSED] - Object: 'Object Repository/Covid-19 Object Repo/Page_Coronavirus Update (Live) 1204075 Case_106633/a_view by country' is clicked on

2020-04-08 16:33:26 - [TEST_STEP][PASSED] - for ([rowNum = 1, rowNum <= findTestData("Covid-19/Country").getRowNumbers(), (rowNum++)]): Text of object 'Object Repository/Covid-19 Object Repo/Page_Coronavirus Update (Live) 1204075 Case_106633/td_3' is: ''

2020-04-08 16:33:26 - [TEST_STEP][PASSED] - setText(findTestObject("Object Repository/Covid-19 Object Repo/Page_Coronavirus Update (Live) 1204075 Case_106633/input_Search_form-control input-sm"), findTestData("Covid-19/Country").getValue(1, rowNum)): Text 'Thailand' is set on object 'Object Repository/Covid-19 Object Repo/Page_Coronavirus Update (Live) 1204075 Case_106633/input_Search_form-control input-sm'

2020-04-08 16:33:34 - [MESSAGE][PASSED] - Text 'Thailand' is set on object 'Object Repository/Covid-19 Object Repo/Page_Coronavirus Update (Live) 1204075 Case_106633/input_Search_form-control input-sm'

2020-04-08 16:33:34 - [TEST_STEP][PASSED] - getText(findTestObject("Covid-19 Object Repo/Page_Coronavirus Update (Live) 1204075 Case_106633/td_102")): Text of object 'Object Repository/Covid-19 Object Repo/Page_Coronavirus Update (Live) 1204075 Case_106633/td_102' is: '+111'

2020-04-08 16:33:35 - [MESSAGE][PASSED] - Text of object 'Object Repository/Covid-19 Object Repo/Page_Coronavirus Update (Live) 1204075 Case_106633/td_102' is: '+111'

2020-04-08 16:33:35 - [TEST_STEP][PASSED] - getText(findTestObject("Covid-19 Object Repo/Page_Coronavirus Update (Live) 1204075 Case_106633/td_3")): Text of object 'Object Repository/Covid-19 Object Repo/Page_Coronavirus Update (Live) 1204075 Case_106633/td_3' is: '+3'

2020-04-08 16:33:35 - [MESSAGE][PASSED] - Text of object 'Object Repository/Covid-19 Object Repo/Page_Coronavirus Update (Live) 1204075 Case_106633/td_3' is: '+3'

2020-04-08 16:33:35 - [TEST_STEP][PASSED] - setText(findTestObject("Object Repository/Covid-19 Object Repo/Page_Coronavirus Update (Live) 1204075 Case_106633/input_Search_form-control input-sm"), findTestData("Covid-19/Country").getValue(1, rowNum)): Text 'USA' is set on object 'Object Repository/Covid-19 Object Repo/Page_Coronavirus Update (Live) 1204075 Case_106633/input_Search_form-control input-sm'

2020-04-08 16:33:37 - [MESSAGE][PASSED] - Text 'USA' is set on object 'Object Repository/Covid-19 Object Repo/Page_Coronavirus Update (Live) 1204075 Case_106633/input_Search_form-control input-sm'

2020-04-08 16:33:37 - [TEST_STEP][PASSED] - getText(findTestObject("Covid-19 Object Repo/Page_Coronavirus Update (Live) 1204075 Case_106633/td_102")): Text of object 'Object Repository/Covid-19 Object Repo/Page_Coronavirus Update (Live) 1204075 Case_106633/td_102' is: '+214'

2020-04-08 16:33:37 - [MESSAGE][PASSED] - Text of object 'Object Repository/Covid-19 Object Repo/Page_Coronavirus Update (Live) 1204075 Case_106633/td_102' is: '+214'

2020-04-08 16:33:37 - [TEST_STEP][PASSED] - getText(findTestObject("Covid-19 Object Repo/Page_Coronavirus Update (Live) 1204075 Case_106633/td_3")): Text of object 'Object Repository/Covid-19 Object Repo/Page_Coronavirus Update (Live) 1204075 Case_106633/td_3' is: '+16'

2020-04-08 16:33:38 - [MESSAGE][PASSED] - Text of object 'Object Repository/Covid-19 Object Repo/Page_Coronavirus Update (Live) 1204075 Case_106633/td_3' is: '+16'

2020-04-08 16:33:38 - [TEST_STEP][PASSED] - setText(findTestObject("Object Repository/Covid-19 Object Repo/Page_Coronavirus Update (Live) 1204075 Case_106633/input_Search_form-control input-sm"), findTestData("Covid-19/Country").getValue(1, rowNum)): Text 'Spain' is set on object 'Object Repository/Covid-19 Object Repo/Page_Coronavirus Update (Live) 1204075 Case_106633/input_Search_form-control input-sm'

2020-04-08 16:33:39 - [MESSAGE][PASSED] - Text 'Spain' is set on object 'Object Repository/Covid-19 Object Repo/Page_Coronavirus Update (Live) 1204075 Case_106633/input_Search_form-control input-sm'

2020-04-08 16:33:39 - [TEST_STEP][PASSED] - getText(findTestObject("Covid-19 Object Repo/Page_Coronavirus Update (Live) 1204075 Case_106633/td_102")): Text of object 'Object Repository/Covid-19 Object Repo/Page_Coronavirus Update (Live) 1204075 Case_106633/td_102' is: ''

2020-04-08 16:33:40 - [MESSAGE][PASSED] - Text of object 'Object Repository/Covid-19 Object Repo/Page_Coronavirus Update (Live) 1204075 Case_106633/td_102' is: ''

2020-04-08 16:33:40 - [TEST_STEP][PASSED] - getText(findTestObject("Covid-19 Object Repo/Page_Coronavirus Update (Live) 1204075 Case_106633/td_3")): Text of object 'Object Repository/Covid-19 Object Repo/Page_Coronavirus Update (Live) 1204075 Case_106633/td_3' is: ''

2020-04-08 16:33:40 - [MESSAGE][PASSED] - Text of object 'Object Repository/Covid-19 Object Repo/Page_Coronavirus Update (Live) 1204075 Case_106633/td_3' is: ''

2020-04-08 16:33:40 - [TEST_STEP][PASSED] - closeBrowser(): Browser is closed

2020-04-08 16:33:41 - [MESSAGE][PASSED] - Browser is closed]]></system-out>
         <system-err><![CDATA[]]></system-err>
      </testcase>
      <testcase name="Test Cases/Log in/Covid-19" time="60.199" classname="Test Cases/Log in/Covid-19" status="PASSED">
         <system-out><![CDATA[2020-04-08 16:33:41 - [TEST_CASE][PASSED] - Test Cases/Log in/Covid-19: Test Cases/Log in/Covid-19

2020-04-08 16:33:41 - [TEST_STEP][PASSED] - openBrowser("https://www.worldometers.info/coronavirus/"): Browser is opened with url: 'https://www.worldometers.info/coronavirus/'

2020-04-08 16:33:41 - [MESSAGE][INFO] - Starting 'Chrome' driver

2020-04-08 16:33:41 - [MESSAGE][INFO] - Action delay is set to 0 milliseconds

2020-04-08 16:34:00 - [MESSAGE][PASSED] - Browser is opened with url: 'https://www.worldometers.info/coronavirus/'

2020-04-08 16:34:00 - [TEST_STEP][PASSED] - click(findTestObject("Object Repository/Covid-19 Object Repo/Page_Coronavirus Update (Live) 1204075 Case_106633/a_view by country")): Object: 'Object Repository/Covid-19 Object Repo/Page_Coronavirus Update (Live) 1204075 Case_106633/a_view by country' is clicked on

2020-04-08 16:34:16 - [MESSAGE][PASSED] - Object: 'Object Repository/Covid-19 Object Repo/Page_Coronavirus Update (Live) 1204075 Case_106633/a_view by country' is clicked on

2020-04-08 16:34:16 - [TEST_STEP][PASSED] - for ([rowNum = 1, rowNum <= findTestData("Covid-19/Country").getRowNumbers(), (rowNum++)]): Text of object 'Object Repository/Covid-19 Object Repo/Page_Coronavirus Update (Live) 1204075 Case_106633/td_3' is: ''

2020-04-08 16:34:16 - [TEST_STEP][PASSED] - setText(findTestObject("Object Repository/Covid-19 Object Repo/Page_Coronavirus Update (Live) 1204075 Case_106633/input_Search_form-control input-sm"), findTestData("Covid-19/Country").getValue(1, rowNum)): Text 'Thailand' is set on object 'Object Repository/Covid-19 Object Repo/Page_Coronavirus Update (Live) 1204075 Case_106633/input_Search_form-control input-sm'

2020-04-08 16:34:20 - [MESSAGE][PASSED] - Text 'Thailand' is set on object 'Object Repository/Covid-19 Object Repo/Page_Coronavirus Update (Live) 1204075 Case_106633/input_Search_form-control input-sm'

2020-04-08 16:34:20 - [TEST_STEP][PASSED] - getText(findTestObject("Covid-19 Object Repo/Page_Coronavirus Update (Live) 1204075 Case_106633/td_102")): Text of object 'Object Repository/Covid-19 Object Repo/Page_Coronavirus Update (Live) 1204075 Case_106633/td_102' is: '+111'

2020-04-08 16:34:22 - [MESSAGE][PASSED] - Text of object 'Object Repository/Covid-19 Object Repo/Page_Coronavirus Update (Live) 1204075 Case_106633/td_102' is: '+111'

2020-04-08 16:34:22 - [TEST_STEP][PASSED] - getText(findTestObject("Covid-19 Object Repo/Page_Coronavirus Update (Live) 1204075 Case_106633/td_3")): Text of object 'Object Repository/Covid-19 Object Repo/Page_Coronavirus Update (Live) 1204075 Case_106633/td_3' is: '+3'

2020-04-08 16:34:24 - [MESSAGE][PASSED] - Text of object 'Object Repository/Covid-19 Object Repo/Page_Coronavirus Update (Live) 1204075 Case_106633/td_3' is: '+3'

2020-04-08 16:34:24 - [TEST_STEP][PASSED] - setText(findTestObject("Object Repository/Covid-19 Object Repo/Page_Coronavirus Update (Live) 1204075 Case_106633/input_Search_form-control input-sm"), findTestData("Covid-19/Country").getValue(1, rowNum)): Text 'USA' is set on object 'Object Repository/Covid-19 Object Repo/Page_Coronavirus Update (Live) 1204075 Case_106633/input_Search_form-control input-sm'

2020-04-08 16:34:29 - [MESSAGE][PASSED] - Text 'USA' is set on object 'Object Repository/Covid-19 Object Repo/Page_Coronavirus Update (Live) 1204075 Case_106633/input_Search_form-control input-sm'

2020-04-08 16:34:29 - [TEST_STEP][PASSED] - getText(findTestObject("Covid-19 Object Repo/Page_Coronavirus Update (Live) 1204075 Case_106633/td_102")): Text of object 'Object Repository/Covid-19 Object Repo/Page_Coronavirus Update (Live) 1204075 Case_106633/td_102' is: '+214'

2020-04-08 16:34:30 - [MESSAGE][PASSED] - Text of object 'Object Repository/Covid-19 Object Repo/Page_Coronavirus Update (Live) 1204075 Case_106633/td_102' is: '+214'

2020-04-08 16:34:30 - [TEST_STEP][PASSED] - getText(findTestObject("Covid-19 Object Repo/Page_Coronavirus Update (Live) 1204075 Case_106633/td_3")): Text of object 'Object Repository/Covid-19 Object Repo/Page_Coronavirus Update (Live) 1204075 Case_106633/td_3' is: '+16'

2020-04-08 16:34:33 - [MESSAGE][PASSED] - Text of object 'Object Repository/Covid-19 Object Repo/Page_Coronavirus Update (Live) 1204075 Case_106633/td_3' is: '+16'

2020-04-08 16:34:33 - [TEST_STEP][PASSED] - setText(findTestObject("Object Repository/Covid-19 Object Repo/Page_Coronavirus Update (Live) 1204075 Case_106633/input_Search_form-control input-sm"), findTestData("Covid-19/Country").getValue(1, rowNum)): Text 'Spain' is set on object 'Object Repository/Covid-19 Object Repo/Page_Coronavirus Update (Live) 1204075 Case_106633/input_Search_form-control input-sm'

2020-04-08 16:34:37 - [MESSAGE][PASSED] - Text 'Spain' is set on object 'Object Repository/Covid-19 Object Repo/Page_Coronavirus Update (Live) 1204075 Case_106633/input_Search_form-control input-sm'

2020-04-08 16:34:37 - [TEST_STEP][PASSED] - getText(findTestObject("Covid-19 Object Repo/Page_Coronavirus Update (Live) 1204075 Case_106633/td_102")): Text of object 'Object Repository/Covid-19 Object Repo/Page_Coronavirus Update (Live) 1204075 Case_106633/td_102' is: ''

2020-04-08 16:34:38 - [MESSAGE][PASSED] - Text of object 'Object Repository/Covid-19 Object Repo/Page_Coronavirus Update (Live) 1204075 Case_106633/td_102' is: ''

2020-04-08 16:34:38 - [TEST_STEP][PASSED] - getText(findTestObject("Covid-19 Object Repo/Page_Coronavirus Update (Live) 1204075 Case_106633/td_3")): Text of object 'Object Repository/Covid-19 Object Repo/Page_Coronavirus Update (Live) 1204075 Case_106633/td_3' is: ''

2020-04-08 16:34:41 - [MESSAGE][PASSED] - Text of object 'Object Repository/Covid-19 Object Repo/Page_Coronavirus Update (Live) 1204075 Case_106633/td_3' is: ''

2020-04-08 16:34:41 - [TEST_STEP][PASSED] - closeBrowser(): Browser is closed

2020-04-08 16:34:41 - [MESSAGE][PASSED] - Browser is closed]]></system-out>
         <system-err><![CDATA[]]></system-err>
      </testcase>
      <system-out><![CDATA[2020-04-08 16:32:30 - [TEST_SUITE][PASSED] - Covid-19: Test Cases/Log in/Covid-19]]></system-out>
      <system-err><![CDATA[]]></system-err>
   </testsuite>
</testsuites>
