<?xml version="1.0" encoding="UTF-8"?>
<testsuites name="OpenClose" time="21.218" tests="3" failures="0" errors="0">
   <testsuite name="OpenClose" tests="3" failures="0" errors="0" time="21.218" timestamp="2020-04-13 21:26:34" hostname="thaveephongt - 192.168.1.107" id="Test Suites/OpenClose">
      <properties>
         <property name="deviceName" value=""/>
         <property name="devicePlatform" value=""/>
         <property name="logFolder" value="/Users/thaveephongt/Katalon Studio/Be Demo/Reports/20200413_212611/OpenClose/20200413_212614"/>
         <property name="logFiles" value="/Users/thaveephongt/Katalon Studio/Be Demo/Reports/20200413_212611/OpenClose/20200413_212614/execution0.log"/>
         <property name="attachments" value=""/>
         <property name="hostName" value="thaveephongt - 192.168.1.107"/>
         <property name="os" value="Mac OS X 64bit"/>
         <property name="katalonVersion" value="7.3.0.1"/>
         <property name="browser" value="Chrome 81.0.4044.92"/>
         <property name="hostAddress" value="192.168.1.107"/>
         <property name="sessionId" value="8ac78930da96b0ba8b6908da9657e7f9"/>
         <property name="seleniumVersion" value="3.141.59"/>
         <property name="proxyInformation" value="ProxyInformation{proxyOption=NO_PROXY, proxyServerType=HTTP, password=, proxyServerAddress=, proxyServerPort=0, executionList=}"/>
         <property name="platform" value="Mac OS X"/>
      </properties>
      <testcase name="Test Cases/OpenClose1" time="7.529" classname="Test Cases/OpenClose1" status="PASSED">
         <system-out><![CDATA[2020-04-13 21:26:35 - [TEST_CASE][PASSED] - Test Cases/OpenClose1: Test Cases/OpenClose1

2020-04-13 21:26:35 - [TEST_STEP][PASSED] - openBrowser("http://www.ic-connection.com"): Browser is opened with url: 'http://www.ic-connection.com'

2020-04-13 21:26:35 - [MESSAGE][INFO] - Starting 'Chrome' driver

2020-04-13 21:26:35 - [MESSAGE][INFO] - Action delay is set to 0 milliseconds

2020-04-13 21:26:42 - [MESSAGE][PASSED] - Browser is opened with url: 'http://www.ic-connection.com'

2020-04-13 21:26:42 - [TEST_STEP][PASSED] - closeBrowser(): Browser is closed

2020-04-13 21:26:42 - [MESSAGE][PASSED] - Browser is closed]]></system-out>
         <system-err><![CDATA[]]></system-err>
      </testcase>
      <testcase name="Test Cases/OpenClose2" time="6.244" classname="Test Cases/OpenClose2" status="PASSED">
         <system-out><![CDATA[2020-04-13 21:26:42 - [TEST_CASE][PASSED] - Test Cases/OpenClose2: Test Cases/OpenClose2

2020-04-13 21:26:42 - [TEST_STEP][PASSED] - openBrowser("http://www.ic-connection.com"): Browser is opened with url: 'http://www.ic-connection.com'

2020-04-13 21:26:42 - [MESSAGE][INFO] - Starting 'Chrome' driver

2020-04-13 21:26:42 - [MESSAGE][INFO] - Action delay is set to 0 milliseconds

2020-04-13 21:26:48 - [MESSAGE][PASSED] - Browser is opened with url: 'http://www.ic-connection.com'

2020-04-13 21:26:48 - [TEST_STEP][PASSED] - closeBrowser(): Browser is closed

2020-04-13 21:26:48 - [MESSAGE][PASSED] - Browser is closed]]></system-out>
         <system-err><![CDATA[]]></system-err>
      </testcase>
      <testcase name="Test Cases/OpenClose3" time="6.786" classname="Test Cases/OpenClose3" status="PASSED">
         <system-out><![CDATA[2020-04-13 21:26:48 - [TEST_CASE][PASSED] - Test Cases/OpenClose3: Test Cases/OpenClose3

2020-04-13 21:26:49 - [TEST_STEP][PASSED] - openBrowser("http://www.ic-connection.com"): Browser is opened with url: 'http://www.ic-connection.com'

2020-04-13 21:26:49 - [MESSAGE][INFO] - Starting 'Chrome' driver

2020-04-13 21:26:49 - [MESSAGE][INFO] - Action delay is set to 0 milliseconds

2020-04-13 21:26:55 - [MESSAGE][PASSED] - Browser is opened with url: 'http://www.ic-connection.com'

2020-04-13 21:26:55 - [TEST_STEP][PASSED] - closeBrowser(): Browser is closed

2020-04-13 21:26:55 - [MESSAGE][PASSED] - Browser is closed]]></system-out>
         <system-err><![CDATA[]]></system-err>
      </testcase>
      <system-out><![CDATA[2020-04-13 21:26:34 - [TEST_SUITE][PASSED] - OpenClose: Test Cases/OpenClose3]]></system-out>
      <system-err><![CDATA[]]></system-err>
   </testsuite>
</testsuites>
